{"meta": {"format": 3, "version": "7.13.4", "timestamp": "2026-02-26T22:13:18.059326", "branch_coverage": false, "show_contexts": false}, "files": {"src/__init__.py": {"executed_lines": [], "summary": {"covered_lines": 0, "num_statements": 0, "percent_covered": 100.0, "percent_covered_display": "100", "missing_lines": 0, "excluded_lines": 0, "percent_statements_covered": 100.0, "percent_statements_covered_display": "100"}, "missing_lines": [], "excluded_lines": [], "functions": {"": {"executed_lines": [], "summary": {"covered_lines": 0, "num_statements": 0, "percent_covered": 100.0, "percent_covered_display": "100", "missing_lines": 0, "excluded_lines": 0, "percent_statements_covered": 100.0, "percent_statements_covered_display": "100"}, "missing_lines": [], "excluded_lines": [], "start_line": 1}}, "classes": {"": {"executed_lines": [], "summary": {"covered_lines": 0, "num_statements": 0, "percent_covered": 100.0, "percent_covered_display": "100", "missing_lines": 0, "excluded_lines": 0, "percent_statements_covered": 100.0, "percent_statements_covered_display": "100"}, "missing_lines": [], "excluded_lines": [], "start_line": 1}}}, "src/analyzer.py": {"executed_lines": [11, 13, 14, 15, 19, 20, 22, 23, 24, 25, 27, 29, 30, 31, 32, 33, 34, 37, 38, 39, 40, 41, 42, 45, 54, 57, 65, 80, 81, 82, 83, 84, 90, 93, 94, 95, 96, 97, 104, 107, 108, 109, 110, 111, 116, 119, 120, 121, 122, 123, 124, 127, 128, 129, 130, 131, 138, 141, 150, 152, 153, 161, 163, 164, 165, 166, 167, 168, 176, 183, 185, 186, 199, 200, 201, 204, 212, 213, 214, 217, 220, 222, 223, 232, 233, 234, 235, 236, 237, 238, 241, 247, 248, 249, 251, 252, 254, 255, 256, 265, 266, 267, 268, 269, 270, 271, 274, 281, 282, 283, 286, 287, 288, 290, 291, 293, 294, 303, 304, 305, 306, 307, 308, 309, 312, 320, 322, 323, 324, 327, 328, 339, 340, 341, 347, 348, 349, 350, 353, 361, 364, 375, 381, 382, 384, 385, 386, 387, 390, 398, 400, 401, 402, 404, 405, 407, 408, 416, 417, 418, 426, 432, 433, 434, 435, 436, 439, 446, 447, 449, 450, 451, 452, 453, 455, 456, 457, 458, 460, 461, 462, 471, 472, 473, 480, 481, 484, 495, 497, 502, 510, 515, 517, 528, 530, 536, 537, 545, 555, 557, 559, 562, 564, 567, 568, 569, 571, 587, 595, 604, 605, 606, 613, 621, 622, 623, 631, 637, 648, 649, 650, 651, 652, 660, 662], "summary": {"covered_lines": 225, "num_statements": 225, "percent_covered": 100.0, "percent_covered_display": "100", "missing_lines": 0, "excluded_lines": 37, "percent_statements_covered": 100.0, "percent_statements_covered_display": "100"}, "missing_lines": [], "excluded_lines": [680, 681, 682, 684, 685, 686, 689, 690, 691, 694, 695, 696, 697, 700, 701, 702, 703, 704, 705, 706, 709, 710, 713, 714, 715, 716, 717, 718, 719, 720, 721, 724, 725, 726, 727, 729, 732], "functions": {"build_analysis_dataframe": {"executed_lines": [80, 81, 82, 83, 84, 90, 93, 94, 95, 96, 97, 104, 107, 108, 109, 110, 111, 116, 119, 120, 121, 122, 123, 124, 127, 128, 129, 130, 131, 138, 141, 150, 152, 153], "summary": {"covered_lines": 34, "num_statements": 34, "percent_covered": 100.0, "percent_covered_display": "100", "missing_lines": 0, "excluded_lines": 0, "percent_statements_covered": 100.0, "percent_statements_covered_display": "100"}, "missing_lines": [], "excluded_lines": [], "start_line": 65}, "_save_fig": {"executed_lines": [163, 164, 165, 166, 167, 168], "summary": {"covered_lines": 6, "num_statements": 6, "percent_covered": 100.0, "percent_covered_display": "100", "missing_lines": 0, "excluded_lines": 0, "percent_statements_covered": 100.0, "percent_statements_covered_display": "100"}, "missing_lines": [], "excluded_lines": [], "start_line": 161}, "plot_failure_correlation": {"executed_lines": [183, 185, 186, 199, 200, 201], "summary": {"covered_lines": 6, "num_statements": 6, "percent_covered": 100.0, "percent_covered_display": "100", "missing_lines": 0, "excluded_lines": 0, "percent_statements_covered": 100.0, "percent_statements_covered_display": "100"}, "missing_lines": [], "excluded_lines": [], "start_line": 176}, "plot_failure_rates_by_fit": {"executed_lines": [212, 213, 214, 217, 220, 222, 223, 232, 233, 234, 235, 236, 237, 238], "summary": {"covered_lines": 14, "num_statements": 14, "percent_covered": 100.0, "percent_covered_display": "100", "missing_lines": 0, "excluded_lines": 0, "percent_statements_covered": 100.0, "percent_statements_covered_display": "100"}, "missing_lines": [], "excluded_lines": [], "start_line": 204}, "plot_failure_rates_by_template": {"executed_lines": [247, 248, 249, 251, 252, 254, 255, 256, 265, 266, 267, 268, 269, 270, 271], "summary": {"covered_lines": 15, "num_statements": 15, "percent_covered": 100.0, "percent_covered_display": "100", "missing_lines": 0, "excluded_lines": 0, "percent_statements_covered": 100.0, "percent_statements_covered_display": "100"}, "missing_lines": [], "excluded_lines": [], "start_line": 241}, "plot_niche_vs_standard": {"executed_lines": [281, 282, 283, 286, 287, 288, 290, 291, 293, 294, 303, 304, 305, 306, 307, 308, 309], "summary": {"covered_lines": 17, "num_statements": 17, "percent_covered": 100.0, "percent_covered_display": "100", "missing_lines": 0, "excluded_lines": 0, "percent_statements_covered": 100.0, "percent_statements_covered_display": "100"}, "missing_lines": [], "excluded_lines": [], "start_line": 274}, "plot_validation_summary": {"executed_lines": [320, 322, 323, 324, 327, 328, 339, 340, 341, 347, 348, 349, 350], "summary": {"covered_lines": 13, "num_statements": 13, "percent_covered": 100.0, "percent_covered_display": "100", "missing_lines": 0, "excluded_lines": 0, "percent_statements_covered": 100.0, "percent_statements_covered_display": "100"}, "missing_lines": [], "excluded_lines": [], "start_line": 312}, "plot_skills_overlap_distribution": {"executed_lines": [361, 364, 375, 381, 382, 384, 385, 386, 387], "summary": {"covered_lines": 9, "num_statements": 9, "percent_covered": 100.0, "percent_covered_display": "100", "missing_lines": 0, "excluded_lines": 0, "percent_statements_covered": 100.0, "percent_statements_covered_display": "100"}, "missing_lines": [], "excluded_lines": [], "start_line": 353}, "plot_hallucination_by_seniority": {"executed_lines": [398, 400, 401, 402, 404, 405, 407, 408, 416, 417, 418, 426, 432, 433, 434, 435, 436], "summary": {"covered_lines": 17, "num_statements": 17, "percent_covered": 100.0, "percent_covered_display": "100", "missing_lines": 0, "excluded_lines": 0, "percent_statements_covered": 100.0, "percent_statements_covered_display": "100"}, "missing_lines": [], "excluded_lines": [], "start_line": 390}, "plot_correction_success": {"executed_lines": [446, 447, 449, 450, 451, 452, 453, 455, 456, 457, 458, 460, 461, 462, 471, 472, 473, 480, 481], "summary": {"covered_lines": 19, "num_statements": 19, "percent_covered": 100.0, "percent_covered_display": "100", "missing_lines": 0, "excluded_lines": 0, "percent_statements_covered": 100.0, "percent_statements_covered_display": "100"}, "missing_lines": [], "excluded_lines": [], "start_line": 439}, "plot_judge_vs_rules_agreement": {"executed_lines": [495, 497, 502, 510, 515, 517, 528, 530, 536, 537], "summary": {"covered_lines": 10, "num_statements": 10, "percent_covered": 100.0, "percent_covered_display": "100", "missing_lines": 0, "excluded_lines": 0, "percent_statements_covered": 100.0, "percent_statements_covered_display": "100"}, "missing_lines": [], "excluded_lines": [], "start_line": 484}, "compute_template_ab_test": {"executed_lines": [555, 557, 559, 562, 564, 567, 568, 569, 571], "summary": {"covered_lines": 9, "num_statements": 9, "percent_covered": 100.0, "percent_covered_display": "100", "missing_lines": 0, "excluded_lines": 0, "percent_statements_covered": 100.0, "percent_statements_covered_display": "100"}, "missing_lines": [], "excluded_lines": [], "start_line": 545}, "generate_pipeline_summary": {"executed_lines": [595, 604, 605, 606, 613, 621, 622, 623, 631, 637, 648, 649, 650, 651, 652], "summary": {"covered_lines": 15, "num_statements": 15, "percent_covered": 100.0, "percent_covered_display": "100", "missing_lines": 0, "excluded_lines": 0, "percent_statements_covered": 100.0, "percent_statements_covered_display": "100"}, "missing_lines": [], "excluded_lines": [], "start_line": 587}, "generate_all_charts": {"executed_lines": [662], "summary": {"covered_lines": 1, "num_statements": 1, "percent_covered": 100.0, "percent_covered_display": "100", "missing_lines": 0, "excluded_lines": 0, "percent_statements_covered": 100.0, "percent_statements_covered_display": "100"}, "missing_lines": [], "excluded_lines": [], "start_line": 660}, "": {"executed_lines": [11, 13, 14, 15, 19, 20, 22, 23, 24, 25, 27, 29, 30, 31, 32, 33, 34, 37, 38, 39, 40, 41, 42, 45, 54, 57, 65, 161, 176, 204, 241, 274, 312, 353, 390, 439, 484, 545, 587, 660], "summary": {"covered_lines": 40, "num_statements": 40, "percent_covered": 100.0, "percent_covered_display": "100", "missing_lines": 0, "excluded_lines": 37, "percent_statements_covered": 100.0, "percent_statements_covered_display": "100"}, "missing_lines": [], "excluded_lines": [680, 681, 682, 684, 685, 686, 689, 690, 691, 694, 695, 696, 697, 700, 701, 702, 703, 704, 705, 706, 709, 710, 713, 714, 715, 716, 717, 718, 719, 720, 721, 724, 725, 726, 727, 729, 732], "start_line": 1}}, "classes": {"": {"executed_lines": [11, 13, 14, 15, 19, 20, 22, 23, 24, 25, 27, 29, 30, 31, 32, 33, 34, 37, 38, 39, 40, 41, 42, 45, 54, 57, 65, 80, 81, 82, 83, 84, 90, 93, 94, 95, 96, 97, 104, 107, 108, 109, 110, 111, 116, 119, 120, 121, 122, 123, 124, 127, 128, 129, 130, 131, 138, 141, 150, 152, 153, 161, 163, 164, 165, 166, 167, 168, 176, 183, 185, 186, 199, 200, 201, 204, 212, 213, 214, 217, 220, 222, 223, 232, 233, 234, 235, 236, 237, 238, 241, 247, 248, 249, 251, 252, 254, 255, 256, 265, 266, 267, 268, 269, 270, 271, 274, 281, 282, 283, 286, 287, 288, 290, 291, 293, 294, 303, 304, 305, 306, 307, 308, 309, 312, 320, 322, 323, 324, 327, 328, 339, 340, 341, 347, 348, 349, 350, 353, 361, 364, 375, 381, 382, 384, 385, 386, 387, 390, 398, 400, 401, 402, 404, 405, 407, 408, 416, 417, 418, 426, 432, 433, 434, 435, 436, 439, 446, 447, 449, 450, 451, 452, 453, 455, 456, 457, 458, 460, 461, 462, 471, 472, 473, 480, 481, 484, 495, 497, 502, 510, 515, 517, 528, 530, 536, 537, 545, 555, 557, 559, 562, 564, 567, 568, 569, 571, 587, 595, 604, 605, 606, 613, 621, 622, 623, 631, 637, 648, 649, 650, 651, 652, 660, 662], "summary": {"covered_lines": 225, "num_statements": 225, "percent_covered": 100.0, "percent_covered_display": "100", "missing_lines": 0, "excluded_lines": 37, "percent_statements_covered": 100.0, "percent_statements_covered_display": "100"}, "missing_lines": [], "excluded_lines": [680, 681, 682, 684, 685, 686, 689, 690, 691, 694, 695, 696, 697, 700, 701, 702, 703, 704, 705, 706, 709, 710, 713, 714, 715, 716, 717, 718, 719, 720, 721, 724, 725, 726, 727, 729, 732], "start_line": 1}}}, "src/api.py": {"executed_lines": [1, 3, 4, 5, 6, 7, 8, 10, 12, 13, 14, 15, 31, 33, 45, 46, 50, 51, 61, 62, 63, 78, 79, 83, 84, 86, 88, 89, 90, 92, 93, 95, 108, 109, 110, 111, 112, 114, 115, 116, 118, 133, 134, 135, 136, 137, 138, 140, 143, 144, 145, 154, 155, 156, 172, 173, 174, 176, 177, 179, 180, 183, 195, 196, 204, 205, 210, 211, 213, 214, 215, 216, 217, 219, 220, 231, 232, 246, 247, 248, 249, 252, 253, 254, 261, 262, 265, 267, 279, 280, 286, 289, 290, 291, 292, 294, 295, 296, 297, 299, 312, 326, 327, 329, 330, 331, 333, 334, 335, 338], "summary": {"covered_lines": 110, "num_statements": 114, "percent_covered": 96.49122807017544, "percent_covered_display": "96", "missing_lines": 4, "excluded_lines": 0, "percent_statements_covered": 96.49122807017544, "percent_statements_covered_display": "96"}, "missing_lines": [52, 53, 218, 336], "excluded_lines": [], "functions": {"health": {"executed_lines": [63], "summary": {"covered_lines": 1, "num_statements": 1, "percent_covered": 100.0, "percent_covered_display": "100", "missing_lines": 0, "excluded_lines": 0, "percent_statements_covered": 100.0, "percent_statements_covered_display": "100"}, "missing_lines": [], "excluded_lines": [], "start_line": 62}, "review_resume": {"executed_lines": [83, 84, 86, 88, 89, 90, 92, 93, 95], "summary": {"covered_lines": 9, "num_statements": 9, "percent_covered": 100.0, "percent_covered_display": "100", "missing_lines": 0, "excluded_lines": 0, "percent_statements_covered": 100.0, "percent_statements_covered_display": "100"}, "missing_lines": [], "excluded_lines": [], "start_line": 79}, "failure_rates": {"executed_lines": [110, 111, 112, 114, 115, 116, 118], "summary": {"covered_lines": 7, "num_statements": 7, "percent_covered": 100.0, "percent_covered_display": "100", "missing_lines": 0, "excluded_lines": 0, "percent_statements_covered": 100.0, "percent_statements_covered_display": "100"}, "missing_lines": [], "excluded_lines": [], "start_line": 109}, "template_comparison": {"executed_lines": [135, 136, 137, 138, 140, 143, 144, 145, 154, 155, 156], "summary": {"covered_lines": 11, "num_statements": 11, "percent_covered": 100.0, "percent_covered_display": "100", "missing_lines": 0, "excluded_lines": 0, "percent_statements_covered": 100.0, "percent_statements_covered_display": "100"}, "missing_lines": [], "excluded_lines": [], "start_line": 134}, "evaluate_multi_hop": {"executed_lines": [174, 176, 177, 179, 180, 183], "summary": {"covered_lines": 6, "num_statements": 6, "percent_covered": 100.0, "percent_covered_display": "100", "missing_lines": 0, "excluded_lines": 0, "percent_statements_covered": 100.0, "percent_statements_covered_display": "100"}, "missing_lines": [], "excluded_lines": [], "start_line": 173}, "similar_candidates": {"executed_lines": [204, 205, 210, 211, 213, 214, 215, 216, 217, 219, 220, 231, 232], "summary": {"covered_lines": 13, "num_statements": 14, "percent_covered": 92.85714285714286, "percent_covered_display": "93", "missing_lines": 1, "excluded_lines": 0, "percent_statements_covered": 92.85714285714286, "percent_statements_covered_display": "93"}, "missing_lines": [218], "excluded_lines": [], "start_line": 196}, "submit_feedback": {"executed_lines": [248, 249, 252, 253, 254, 261, 262, 265, 267], "summary": {"covered_lines": 9, "num_statements": 9, "percent_covered": 100.0, "percent_covered_display": "100", "missing_lines": 0, "excluded_lines": 0, "percent_statements_covered": 100.0, "percent_statements_covered_display": "100"}, "missing_lines": [], "excluded_lines": [], "start_line": 247}, "list_jobs": {"executed_lines": [286, 289, 290, 291, 292, 294, 295, 296, 297, 299, 312], "summary": {"covered_lines": 11, "num_statements": 11, "percent_covered": 100.0, "percent_covered_display": "100", "missing_lines": 0, "excluded_lines": 0, "percent_statements_covered": 100.0, "percent_statements_covered_display": "100"}, "missing_lines": [], "excluded_lines": [], "start_line": 280}, "pair_detail": {"executed_lines": [329, 330, 331, 333, 334, 335, 338], "summary": {"covered_lines": 7, "num_statements": 8, "percent_covered": 87.5, "percent_covered_display": "88", "missing_lines": 1, "excluded_lines": 0, "percent_statements_covered": 87.5, "percent_statements_covered_display": "88"}, "missing_lines": [336], "excluded_lines": [], "start_line": 327}, "": {"executed_lines": [1, 3, 4, 5, 6, 7, 8, 10, 12, 13, 14, 15, 31, 33, 45, 46, 50, 51, 61, 62, 78, 79, 108, 109, 133, 134, 172, 173, 195, 196, 246, 247, 279, 280, 326, 327], "summary": {"covered_lines": 36, "num_statements": 38, "percent_covered": 94.73684210526316, "percent_covered_display": "95", "missing_lines": 2, "excluded_lines": 0, "percent_statements_covered": 94.73684210526316, "percent_statements_covered_display": "95"}, "missing_lines": [52, 53], "excluded_lines": [], "start_line": 1}}, "classes": {"": {"executed_lines": [1, 3, 4, 5, 6, 7, 8, 10, 12, 13, 14, 15, 31, 33, 45, 46, 50, 51, 61, 62, 63, 78, 79, 83, 84, 86, 88, 89, 90, 92, 93, 95, 108, 109, 110, 111, 112, 114, 115, 116, 118, 133, 134, 135, 136, 137, 138, 140, 143, 144, 145, 154, 155, 156, 172, 173, 174, 176, 177, 179, 180, 183, 195, 196, 204, 205, 210, 211, 213, 214, 215, 216, 217, 219, 220, 231, 232, 246, 247, 248, 249, 252, 253, 254, 261, 262, 265, 267, 279, 280, 286, 289, 290, 291, 292, 294, 295, 296, 297, 299, 312, 326, 327, 329, 330, 331, 333, 334, 335, 338], "summary": {"covered_lines": 110, "num_statements": 114, "percent_covered": 96.49122807017544, "percent_covered_display": "96", "missing_lines": 4, "excluded_lines": 0, "percent_statements_covered": 96.49122807017544, "percent_statements_covered_display": "96"}, "missing_lines": [52, 53, 218, 336], "excluded_lines": [], "start_line": 1}}}, "src/corrector.py": {"executed_lines": [9, 11, 12, 13, 14, 15, 16, 18, 19, 20, 22, 28, 30, 31, 32, 34, 37, 39, 47, 49, 51, 53, 54, 55, 56, 59, 61, 62, 65, 67, 68, 69, 70, 71, 72, 73, 74, 77, 79, 80, 81, 89, 104, 105, 106, 107, 108, 109, 113, 114, 119, 122, 138, 145, 160, 166, 169, 188, 189, 190, 193, 194, 202, 204, 205, 207, 208, 209, 210, 211, 212, 213, 214, 222, 223, 224, 226, 228, 229, 240, 241, 242, 243, 251, 252, 256, 270, 289, 291, 323, 326, 327, 328, 331, 332, 333, 336, 337, 338, 341, 342, 343, 346, 347, 348, 349, 352, 353, 354, 357, 358, 359, 362, 363, 364, 365, 366, 368, 376, 389, 390, 392, 393, 395, 396, 397, 398, 399, 405, 406, 410, 411, 417, 418, 419, 420, 421, 423, 431, 434, 439, 441, 442, 443, 444, 446, 447, 449], "summary": {"covered_lines": 148, "num_statements": 148, "percent_covered": 100.0, "percent_covered_display": "100", "missing_lines": 0, "excluded_lines": 20, "percent_statements_covered": 100.0, "percent_statements_covered_display": "100"}, "missing_lines": [], "excluded_lines": [457, 458, 460, 461, 463, 464, 467, 468, 469, 470, 472, 473, 474, 476, 477, 478, 479, 480, 481, 482], "functions": {"_create_client": {"executed_lines": [49, 51, 53, 54, 55, 56], "summary": {"covered_lines": 6, "num_statements": 6, "percent_covered": 100.0, "percent_covered_display": "100", "missing_lines": 0, "excluded_lines": 0, "percent_statements_covered": 100.0, "percent_statements_covered_display": "100"}, "missing_lines": [], "excluded_lines": [], "start_line": 47}, "_prompt_hash": {"executed_lines": [61, 62], "summary": {"covered_lines": 2, "num_statements": 2, "percent_covered": 100.0, "percent_covered_display": "100", "missing_lines": 0, "excluded_lines": 0, "percent_statements_covered": 100.0, "percent_statements_covered_display": "100"}, "missing_lines": [], "excluded_lines": [], "start_line": 59}, "_load_cache": {"executed_lines": [67, 68, 69, 70, 71, 72, 73, 74], "summary": {"covered_lines": 8, "num_statements": 8, "percent_covered": 100.0, "percent_covered_display": "100", "missing_lines": 0, "excluded_lines": 0, "percent_statements_covered": 100.0, "percent_statements_covered_display": "100"}, "missing_lines": [], "excluded_lines": [], "start_line": 65}, "_save_cache": {"executed_lines": [79, 80, 81], "summary": {"covered_lines": 3, "num_statements": 3, "percent_covered": 100.0, "percent_covered_display": "100", "missing_lines": 0, "excluded_lines": 0, "percent_statements_covered": 100.0, "percent_statements_covered_display": "100"}, "missing_lines": [], "excluded_lines": [], "start_line": 77}, "extract_validation_errors": {"executed_lines": [104, 105, 106, 107, 108, 109, 113, 114, 119], "summary": {"covered_lines": 9, "num_statements": 9, "percent_covered": 100.0, "percent_covered_display": "100", "missing_lines": 0, "excluded_lines": 0, "percent_statements_covered": 100.0, "percent_statements_covered_display": "100"}, "missing_lines": [], "excluded_lines": [], "start_line": 89}, "build_correction_prompt": {"executed_lines": [138, 145, 160, 166], "summary": {"covered_lines": 4, "num_statements": 4, "percent_covered": 100.0, "percent_covered_display": "100", "missing_lines": 0, "excluded_lines": 0, "percent_statements_covered": 100.0, "percent_statements_covered_display": "100"}, "missing_lines": [], "excluded_lines": [], "start_line": 122}, "correct_record": {"executed_lines": [188, 189, 190, 193, 194, 202, 204, 205, 207, 208, 209, 210, 211, 212, 213, 214, 222, 223, 224, 226, 228, 229, 240, 241, 242, 243, 251, 252, 256], "summary": {"covered_lines": 29, "num_statements": 29, "percent_covered": 100.0, "percent_covered_display": "100", "missing_lines": 0, "excluded_lines": 0, "percent_statements_covered": 100.0, "percent_statements_covered_display": "100"}, "missing_lines": [], "excluded_lines": [], "start_line": 169}, "generate_seeded_broken_records": {"executed_lines": [289, 323, 326, 327, 328, 331, 332, 333, 336, 337, 338, 341, 342, 343, 346, 347, 348, 349, 352, 353, 354, 357, 358, 359, 362, 363, 364, 365, 366, 368], "summary": {"covered_lines": 30, "num_statements": 30, "percent_covered": 100.0, "percent_covered_display": "100", "missing_lines": 0, "excluded_lines": 0, "percent_statements_covered": 100.0, "percent_statements_covered_display": "100"}, "missing_lines": [], "excluded_lines": [], "start_line": 270}, "generate_seeded_broken_records._base": {"executed_lines": [291], "summary": {"covered_lines": 1, "num_statements": 1, "percent_covered": 100.0, "percent_covered_display": "100", "missing_lines": 0, "excluded_lines": 0, "percent_statements_covered": 100.0, "percent_statements_covered_display": "100"}, "missing_lines": [], "excluded_lines": [], "start_line": 289}, "correct_batch": {"executed_lines": [389, 390, 392, 393, 395, 396, 397, 398, 399, 405, 406, 410, 411, 417, 418, 419, 420, 421, 423, 431], "summary": {"covered_lines": 20, "num_statements": 20, "percent_covered": 100.0, "percent_covered_display": "100", "missing_lines": 0, "excluded_lines": 0, "percent_statements_covered": 100.0, "percent_statements_covered_display": "100"}, "missing_lines": [], "excluded_lines": [], "start_line": 376}, "save_correction_results": {"executed_lines": [439, 441, 442, 443, 444, 446, 447, 449], "summary": {"covered_lines": 8, "num_statements": 8, "percent_covered": 100.0, "percent_covered_display": "100", "missing_lines": 0, "excluded_lines": 0, "percent_statements_covered": 100.0, "percent_statements_covered_display": "100"}, "missing_lines": [], "excluded_lines": [], "start_line": 434}, "": {"executed_lines": [9, 11, 12, 13, 14, 15, 16, 18, 19, 20, 22, 28, 30, 31, 32, 34, 37, 39, 47, 59, 65, 77, 89, 122, 169, 270, 376, 434], "summary": {"covered_lines": 28, "num_statements": 28, "percent_covered": 100.0, "percent_covered_display": "100", "missing_lines": 0, "excluded_lines": 20, "percent_statements_covered": 100.0, "percent_statements_covered_display": "100"}, "missing_lines": [], "excluded_lines": [457, 458, 460, 461, 463, 464, 467, 468, 469, 470, 472, 473, 474, 476, 477, 478, 479, 480, 481, 482], "start_line": 1}}, "classes": {"": {"executed_lines": [9, 11, 12, 13, 14, 15, 16, 18, 19, 20, 22, 28, 30, 31, 32, 34, 37, 39, 47, 49, 51, 53, 54, 55, 56, 59, 61, 62, 65, 67, 68, 69, 70, 71, 72, 73, 74, 77, 79, 80, 81, 89, 104, 105, 106, 107, 108, 109, 113, 114, 119, 122, 138, 145, 160, 166, 169, 188, 189, 190, 193, 194, 202, 204, 205, 207, 208, 209, 210, 211, 212, 213, 214, 222, 223, 224, 226, 228, 229, 240, 241, 242, 243, 251, 252, 256, 270, 289, 291, 323, 326, 327, 328, 331, 332, 333, 336, 337, 338, 341, 342, 343, 346, 347, 348, 349, 352, 353, 354, 357, 358, 359, 362, 363, 364, 365, 366, 368, 376, 389, 390, 392, 393, 395, 396, 397, 398, 399, 405, 406, 410, 411, 417, 418, 419, 420, 421, 423, 431, 434, 439, 441, 442, 443, 444, 446, 447, 449], "summary": {"covered_lines": 148, "num_statements": 148, "percent_covered": 100.0, "percent_covered_display": "100", "missing_lines": 0, "excluded_lines": 20, "percent_statements_covered": 100.0, "percent_statements_covered_display": "100"}, "missing_lines": [], "excluded_lines": [457, 458, 460, 461, 463, 464, 467, 468, 469, 470, 472, 473, 474, 476, 477, 478, 479, 480, 481, 482], "start_line": 1}}}, "src/data_paths.py": {"executed_lines": [1, 3, 4, 6, 20, 22, 23, 24, 25, 26, 27, 28, 29, 37, 44, 45, 47, 55, 57, 58, 59, 60, 61, 62, 63, 66, 68, 69, 70, 71, 72, 73, 74, 77, 79, 80, 81, 82, 83, 84, 87, 89, 90, 91, 92, 93, 94, 95, 98, 100, 101, 102, 103, 104, 105, 106, 109, 111, 112, 113, 114, 115, 116, 117, 120, 122, 123, 124, 133, 135, 136, 138, 146, 154, 155, 156, 157, 159, 160, 163, 165, 166, 170, 171, 175, 176, 180, 181, 183, 187, 188, 191, 192, 195, 196], "summary": {"covered_lines": 95, "num_statements": 106, "percent_covered": 89.62264150943396, "percent_covered_display": "90", "missing_lines": 11, "excluded_lines": 0, "percent_statements_covered": 89.62264150943396, "percent_statements_covered_display": "90"}, "missing_lines": [46, 125, 126, 127, 128, 129, 130, 137, 189, 193, 197], "excluded_lines": [], "functions": {"find_latest": {"executed_lines": [44, 45, 47], "summary": {"covered_lines": 3, "num_statements": 4, "percent_covered": 75.0, "percent_covered_display": "75", "missing_lines": 1, "excluded_lines": 0, "percent_statements_covered": 75.0, "percent_statements_covered_display": "75"}, "missing_lines": [46], "excluded_lines": [], "start_line": 37}, "load_jobs": {"executed_lines": [57, 58, 59, 60, 61, 62, 63], "summary": {"covered_lines": 7, "num_statements": 7, "percent_covered": 100.0, "percent_covered_display": "100", "missing_lines": 0, "excluded_lines": 0, "percent_statements_covered": 100.0, "percent_statements_covered_display": "100"}, "missing_lines": [], "excluded_lines": [], "start_line": 55}, "load_resumes": {"executed_lines": [68, 69, 70, 71, 72, 73, 74], "summary": {"covered_lines": 7, "num_statements": 7, "percent_covered": 100.0, "percent_covered_display": "100", "missing_lines": 0, "excluded_lines": 0, "percent_statements_covered": 100.0, "percent_statements_covered_display": "100"}, "missing_lines": [], "excluded_lines": [], "start_line": 66}, "load_pairs": {"executed_lines": [79, 80, 81, 82, 83, 84], "summary": {"covered_lines": 6, "num_statements": 6, "percent_covered": 100.0, "percent_covered_display": "100", "missing_lines": 0, "excluded_lines": 0, "percent_statements_covered": 100.0, "percent_statements_covered_display": "100"}, "missing_lines": [], "excluded_lines": [], "start_line": 77}, "load_failure_labels": {"executed_lines": [89, 90, 91, 92, 93, 94, 95], "summary": {"covered_lines": 7, "num_statements": 7, "percent_covered": 100.0, "percent_covered_display": "100", "missing_lines": 0, "excluded_lines": 0, "percent_statements_covered": 100.0, "percent_statements_covered_display": "100"}, "missing_lines": [], "excluded_lines": [], "start_line": 87}, "load_judge_results": {"executed_lines": [100, 101, 102, 103, 104, 105, 106], "summary": {"covered_lines": 7, "num_statements": 7, "percent_covered": 100.0, "percent_covered_display": "100", "missing_lines": 0, "excluded_lines": 0, "percent_statements_covered": 100.0, "percent_statements_covered_display": "100"}, "missing_lines": [], "excluded_lines": [], "start_line": 98}, "load_correction_results": {"executed_lines": [111, 112, 113, 114, 115, 116, 117], "summary": {"covered_lines": 7, "num_statements": 7, "percent_covered": 100.0, "percent_covered_display": "100", "missing_lines": 0, "excluded_lines": 0, "percent_statements_covered": 100.0, "percent_statements_covered_display": "100"}, "missing_lines": [], "excluded_lines": [], "start_line": 109}, "load_feedback": {"executed_lines": [122, 123, 124], "summary": {"covered_lines": 3, "num_statements": 9, "percent_covered": 33.333333333333336, "percent_covered_display": "33", "missing_lines": 6, "excluded_lines": 0, "percent_statements_covered": 33.333333333333336, "percent_statements_covered_display": "33"}, "missing_lines": [125, 126, 127, 128, 129, 130], "excluded_lines": [], "start_line": 120}, "load_pipeline_summary": {"executed_lines": [135, 136, 138], "summary": {"covered_lines": 3, "num_statements": 4, "percent_covered": 75.0, "percent_covered_display": "75", "missing_lines": 1, "excluded_lines": 0, "percent_statements_covered": 75.0, "percent_statements_covered_display": "75"}, "missing_lines": [137], "excluded_lines": [], "start_line": 133}, "DataStore.__init__": {"executed_lines": [155, 156, 157, 159, 160, 163, 165, 166, 170, 171, 175, 176, 180, 181, 183], "summary": {"covered_lines": 15, "num_statements": 15, "percent_covered": 100.0, "percent_covered_display": "100", "missing_lines": 0, "excluded_lines": 0, "percent_statements_covered": 100.0, "percent_statements_covered_display": "100"}, "missing_lines": [], "excluded_lines": [], "start_line": 154}, "DataStore.job_count": {"executed_lines": [], "summary": {"covered_lines": 0, "num_statements": 1, "percent_covered": 0.0, "percent_covered_display": "0", "missing_lines": 1, "excluded_lines": 0, "percent_statements_covered": 0.0, "percent_statements_covered_display": "0"}, "missing_lines": [189], "excluded_lines": [], "start_line": 188}, "DataStore.pair_count": {"executed_lines": [], "summary": {"covered_lines": 0, "num_statements": 1, "percent_covered": 0.0, "percent_covered_display": "0", "missing_lines": 1, "excluded_lines": 0, "percent_statements_covered": 0.0, "percent_statements_covered_display": "0"}, "missing_lines": [193], "excluded_lines": [], "start_line": 192}, "DataStore.resume_count": {"executed_lines": [], "summary": {"covered_lines": 0, "num_statements": 1, "percent_covered": 0.0, "percent_covered_display": "0", "missing_lines": 1, "excluded_lines": 0, "percent_statements_covered": 0.0, "percent_statements_covered_display": "0"}, "missing_lines": [197], "excluded_lines": [], "start_line": 196}, "": {"executed_lines": [1, 3, 4, 6, 20, 22, 23, 24, 25, 26, 27, 28, 29, 37, 55, 66, 77, 87, 98, 109, 120, 133, 146, 154, 187, 188, 191, 192, 195, 196], "summary": {"covered_lines": 30, "num_statements": 30, "percent_covered": 100.0, "percent_covered_display": "100", "missing_lines": 0, "excluded_lines": 0, "percent_statements_covered": 100.0, "percent_statements_covered_display": "100"}, "missing_lines": [], "excluded_lines": [], "start_line": 1}}, "classes": {"DataStore": {"executed_lines": [155, 156, 157, 159, 160, 163, 165, 166, 170, 171, 175, 176, 180, 181, 183], "summary": {"covered_lines": 15, "num_statements": 18, "percent_covered": 83.33333333333333, "percent_covered_display": "83", "missing_lines": 3, "excluded_lines": 0, "percent_statements_covered": 83.33333333333333, "percent_statements_covered_display": "83"}, "missing_lines": [189, 193, 197], "excluded_lines": [], "start_line": 146}, "": {"executed_lines": [1, 3, 4, 6, 20, 22, 23, 24, 25, 26, 27, 28, 29, 37, 44, 45, 47, 55, 57, 58, 59, 60, 61, 62, 63, 66, 68, 69, 70, 71, 72, 73, 74, 77, 79, 80, 81, 82, 83, 84, 87, 89, 90, 91, 92, 93, 94, 95, 98, 100, 101, 102, 103, 104, 105, 106, 109, 111, 112, 113, 114, 115, 116, 117, 120, 122, 123, 124, 133, 135, 136, 138, 146, 154, 187, 188, 191, 192, 195, 196], "summary": {"covered_lines": 80, "num_statements": 88, "percent_covered": 90.9090909090909, "percent_covered_display": "91", "missing_lines": 8, "excluded_lines": 0, "percent_statements_covered": 90.9090909090909, "percent_statements_covered_display": "91"}, "missing_lines": [46, 125, 126, 127, 128, 129, 130, 137], "excluded_lines": [], "start_line": 1}}}, "src/generator.py": {"executed_lines": [1, 3, 4, 5, 6, 7, 8, 9, 11, 12, 13, 14, 16, 26, 28, 30, 31, 32, 34, 35, 36, 39, 41, 43, 45, 47, 48, 49, 52, 55, 56, 59, 61, 62, 63, 64, 65, 66, 67, 68, 69, 72, 78, 79, 86, 89, 100, 101, 102, 103, 105, 116, 117, 120, 128, 129, 131, 135, 145, 153, 154, 155, 157, 161, 173, 176, 177, 178, 181, 196, 197, 199, 200, 201, 202, 203, 205, 206, 208, 209, 211, 212, 213, 214, 216, 217, 218, 219, 220, 221, 222, 223, 224, 225, 227, 230, 231, 233, 236, 239, 249, 250, 251, 252, 253, 254, 255, 256, 258, 259, 260, 262, 263, 265, 266, 267, 268, 270, 271, 274, 275, 276, 277, 279, 286, 287, 289, 290, 291, 292, 299, 302, 303, 305, 312], "summary": {"covered_lines": 135, "num_statements": 135, "percent_covered": 100.0, "percent_covered_display": "100", "missing_lines": 0, "excluded_lines": 0, "percent_statements_covered": 100.0, "percent_statements_covered_display": "100"}, "missing_lines": [], "excluded_lines": [], "functions": {"_create_client": {"executed_lines": [41, 43, 45, 47, 48, 49], "summary": {"covered_lines": 6, "num_statements": 6, "percent_covered": 100.0, "percent_covered_display": "100", "missing_lines": 0, "excluded_lines": 0, "percent_statements_covered": 100.0, "percent_statements_covered_display": "100"}, "missing_lines": [], "excluded_lines": [], "start_line": 39}, "_prompt_hash": {"executed_lines": [55, 56], "summary": {"covered_lines": 2, "num_statements": 2, "percent_covered": 100.0, "percent_covered_display": "100", "missing_lines": 0, "excluded_lines": 0, "percent_statements_covered": 100.0, "percent_statements_covered_display": "100"}, "missing_lines": [], "excluded_lines": [], "start_line": 52}, "_load_cache": {"executed_lines": [61, 62, 63, 64, 65, 66, 67, 68, 69], "summary": {"covered_lines": 9, "num_statements": 9, "percent_covered": 100.0, "percent_covered_display": "100", "missing_lines": 0, "excluded_lines": 0, "percent_statements_covered": 100.0, "percent_statements_covered_display": "100"}, "missing_lines": [], "excluded_lines": [], "start_line": 59}, "_save_cache": {"executed_lines": [78, 79, 86], "summary": {"covered_lines": 3, "num_statements": 3, "percent_covered": 100.0, "percent_covered_display": "100", "missing_lines": 0, "excluded_lines": 0, "percent_statements_covered": 100.0, "percent_statements_covered_display": "100"}, "missing_lines": [], "excluded_lines": [], "start_line": 72}, "generate_with_cache": {"executed_lines": [100, 101, 102, 103, 105, 116, 117], "summary": {"covered_lines": 7, "num_statements": 7, "percent_covered": 100.0, "percent_covered_display": "100", "missing_lines": 0, "excluded_lines": 0, "percent_statements_covered": 100.0, "percent_statements_covered_display": "100"}, "missing_lines": [], "excluded_lines": [], "start_line": 89}, "generate_job": {"executed_lines": [128, 129, 131, 135], "summary": {"covered_lines": 4, "num_statements": 4, "percent_covered": 100.0, "percent_covered_display": "100", "missing_lines": 0, "excluded_lines": 0, "percent_statements_covered": 100.0, "percent_statements_covered_display": "100"}, "missing_lines": [], "excluded_lines": [], "start_line": 120}, "generate_resume": {"executed_lines": [153, 154, 155, 157, 161], "summary": {"covered_lines": 5, "num_statements": 5, "percent_covered": 100.0, "percent_covered_display": "100", "missing_lines": 0, "excluded_lines": 0, "percent_statements_covered": 100.0, "percent_statements_covered_display": "100"}, "missing_lines": [], "excluded_lines": [], "start_line": 145}, "_append_jsonl": {"executed_lines": [176, 177, 178], "summary": {"covered_lines": 3, "num_statements": 3, "percent_covered": 100.0, "percent_covered_display": "100", "missing_lines": 0, "excluded_lines": 0, "percent_statements_covered": 100.0, "percent_statements_covered_display": "100"}, "missing_lines": [], "excluded_lines": [], "start_line": 173}, "generate_all_jobs": {"executed_lines": [196, 197, 199, 200, 201, 202, 203, 205, 206, 208, 209, 211, 212, 213, 214, 216, 217, 218, 219, 220, 221, 222, 223, 224, 225, 227, 230, 231, 233, 236], "summary": {"covered_lines": 30, "num_statements": 30, "percent_covered": 100.0, "percent_covered_display": "100", "missing_lines": 0, "excluded_lines": 0, "percent_statements_covered": 100.0, "percent_statements_covered_display": "100"}, "missing_lines": [], "excluded_lines": [], "start_line": 181}, "generate_all_resumes": {"executed_lines": [249, 250, 251, 252, 253, 254, 255, 256, 258, 259, 260, 262, 263, 265, 266, 267, 268, 270, 271, 274, 275, 276, 277, 279, 286, 287, 289, 290, 291, 292, 299, 302, 303, 305, 312], "summary": {"covered_lines": 35, "num_statements": 35, "percent_covered": 100.0, "percent_covered_display": "100", "missing_lines": 0, "excluded_lines": 0, "percent_statements_covered": 100.0, "percent_statements_covered_display": "100"}, "missing_lines": [], "excluded_lines": [], "start_line": 239}, "": {"executed_lines": [1, 3, 4, 5, 6, 7, 8, 9, 11, 12, 13, 14, 16, 26, 28, 30, 31, 32, 34, 35, 36, 39, 52, 59, 72, 89, 120, 145, 173, 181, 239], "summary": {"covered_lines": 31, "num_statements": 31, "percent_covered": 100.0, "percent_covered_display": "100", "missing_lines": 0, "excluded_lines": 0, "percent_statements_covered": 100.0, "percent_statements_covered_display": "100"}, "missing_lines": [], "excluded_lines": [], "start_line": 1}}, "classes": {"": {"executed_lines": [1, 3, 4, 5, 6, 7, 8, 9, 11, 12, 13, 14, 16, 26, 28, 30, 31, 32, 34, 35, 36, 39, 41, 43, 45, 47, 48, 49, 52, 55, 56, 59, 61, 62, 63, 64, 65, 66, 67, 68, 69, 72, 78, 79, 86, 89, 100, 101, 102, 103, 105, 116, 117, 120, 128, 129, 131, 135, 145, 153, 154, 155, 157, 161, 173, 176, 177, 178, 181, 196, 197, 199, 200, 201, 202, 203, 205, 206, 208, 209, 211, 212, 213, 214, 216, 217, 218, 219, 220, 221, 222, 223, 224, 225, 227, 230, 231, 233, 236, 239, 249, 250, 251, 252, 253, 254, 255, 256, 258, 259, 260, 262, 263, 265, 266, 267, 268, 270, 271, 274, 275, 276, 277, 279, 286, 287, 289, 290, 291, 292, 299, 302, 303, 305, 312], "summary": {"covered_lines": 135, "num_statements": 135, "percent_covered": 100.0, "percent_covered_display": "100", "missing_lines": 0, "excluded_lines": 0, "percent_statements_covered": 100.0, "percent_statements_covered_display": "100"}, "missing_lines": [], "excluded_lines": [], "start_line": 1}}}, "src/judge.py": {"executed_lines": [8, 10, 11, 12, 13, 14, 15, 16, 17, 19, 20, 21, 23, 32, 34, 35, 36, 37, 41, 42, 43, 44, 48, 49, 54, 55, 63, 73, 74, 75, 76, 77, 78, 79, 80, 82, 83, 84, 85, 86, 87, 95, 97, 99, 101, 102, 103, 104, 107, 109, 110, 113, 115, 116, 117, 118, 119, 120, 121, 122, 123, 126, 128, 129, 135, 143, 153, 167, 173, 181, 200, 201, 203, 204, 205, 206, 208, 211, 212, 213, 215, 216, 219, 221, 235, 236, 239, 247, 264, 265, 266, 268, 270, 271, 272, 273, 274, 277, 278, 279, 280, 281, 282, 284, 285, 286, 288, 289, 290, 291, 292, 293, 294, 296, 297, 299, 300, 302, 305, 306, 308, 316, 317, 318, 319, 320, 321, 324, 325, 326, 327, 328, 329, 330, 333, 334, 335, 336, 337, 338, 339, 347, 349, 350, 351, 352, 353, 354], "summary": {"covered_lines": 148, "num_statements": 148, "percent_covered": 100.0, "percent_covered_display": "100", "missing_lines": 0, "excluded_lines": 26, "percent_statements_covered": 100.0, "percent_statements_covered_display": "100"}, "missing_lines": [], "excluded_lines": [362, 363, 365, 366, 368, 369, 370, 372, 373, 374, 375, 376, 378, 382, 384, 385, 388, 389, 391, 392, 393, 394, 395, 396, 397, 399], "functions": {"_JudgeLLMOutput.validate_score": {"executed_lines": [85, 86, 87], "summary": {"covered_lines": 3, "num_statements": 3, "percent_covered": 100.0, "percent_covered_display": "100", "missing_lines": 0, "excluded_lines": 0, "percent_statements_covered": 100.0, "percent_statements_covered_display": "100"}, "missing_lines": [], "excluded_lines": [], "start_line": 84}, "_create_judge_client": {"executed_lines": [97, 99, 101, 102, 103, 104], "summary": {"covered_lines": 6, "num_statements": 6, "percent_covered": 100.0, "percent_covered_display": "100", "missing_lines": 0, "excluded_lines": 0, "percent_statements_covered": 100.0, "percent_statements_covered_display": "100"}, "missing_lines": [], "excluded_lines": [], "start_line": 95}, "_prompt_hash": {"executed_lines": [109, 110], "summary": {"covered_lines": 2, "num_statements": 2, "percent_covered": 100.0, "percent_covered_display": "100", "missing_lines": 0, "excluded_lines": 0, "percent_statements_covered": 100.0, "percent_statements_covered_display": "100"}, "missing_lines": [], "excluded_lines": [], "start_line": 107}, "_load_cache": {"executed_lines": [115, 116, 117, 118, 119, 120, 121, 122, 123], "summary": {"covered_lines": 9, "num_statements": 9, "percent_covered": 100.0, "percent_covered_display": "100", "missing_lines": 0, "excluded_lines": 0, "percent_statements_covered": 100.0, "percent_statements_covered_display": "100"}, "missing_lines": [], "excluded_lines": [], "start_line": 113}, "_save_cache": {"executed_lines": [128, 129, 135], "summary": {"covered_lines": 3, "num_statements": 3, "percent_covered": 100.0, "percent_covered_display": "100", "missing_lines": 0, "excluded_lines": 0, "percent_statements_covered": 100.0, "percent_statements_covered_display": "100"}, "missing_lines": [], "excluded_lines": [], "start_line": 126}, "_build_judge_prompt": {"executed_lines": [153, 167, 173], "summary": {"covered_lines": 3, "num_statements": 3, "percent_covered": 100.0, "percent_covered_display": "100", "missing_lines": 0, "excluded_lines": 0, "percent_statements_covered": 100.0, "percent_statements_covered_display": "100"}, "missing_lines": [], "excluded_lines": [], "start_line": 143}, "judge_pair": {"executed_lines": [200, 201, 203, 204, 205, 206, 208, 211, 212, 213, 215, 216, 219, 221, 235, 236, 239], "summary": {"covered_lines": 17, "num_statements": 17, "percent_covered": 100.0, "percent_covered_display": "100", "missing_lines": 0, "excluded_lines": 0, "percent_statements_covered": 100.0, "percent_statements_covered_display": "100"}, "missing_lines": [], "excluded_lines": [], "start_line": 181}, "judge_batch": {"executed_lines": [264, 265, 266, 268, 270, 284, 285, 286, 288, 289, 290, 291, 292, 293, 294, 296, 297, 299, 300, 302, 305, 306, 308], "summary": {"covered_lines": 23, "num_statements": 23, "percent_covered": 100.0, "percent_covered_display": "100", "missing_lines": 0, "excluded_lines": 0, "percent_statements_covered": 100.0, "percent_statements_covered_display": "100"}, "missing_lines": [], "excluded_lines": [], "start_line": 247}, "judge_batch._eval_one": {"executed_lines": [271, 272, 273, 274, 277, 278, 279, 280, 281, 282], "summary": {"covered_lines": 10, "num_statements": 10, "percent_covered": 100.0, "percent_covered_display": "100", "missing_lines": 0, "excluded_lines": 0, "percent_statements_covered": 100.0, "percent_statements_covered_display": "100"}, "missing_lines": [], "excluded_lines": [], "start_line": 270}, "_load_pairs": {"executed_lines": [317, 318, 319, 320, 321], "summary": {"covered_lines": 5, "num_statements": 5, "percent_covered": 100.0, "percent_covered_display": "100", "missing_lines": 0, "excluded_lines": 0, "percent_statements_covered": 100.0, "percent_statements_covered_display": "100"}, "missing_lines": [], "excluded_lines": [], "start_line": 316}, "_load_jobs": {"executed_lines": [325, 326, 327, 328, 329, 330], "summary": {"covered_lines": 6, "num_statements": 6, "percent_covered": 100.0, "percent_covered_display": "100", "missing_lines": 0, "excluded_lines": 0, "percent_statements_covered": 100.0, "percent_statements_covered_display": "100"}, "missing_lines": [], "excluded_lines": [], "start_line": 324}, "_load_resumes": {"executed_lines": [334, 335, 336, 337, 338, 339], "summary": {"covered_lines": 6, "num_statements": 6, "percent_covered": 100.0, "percent_covered_display": "100", "missing_lines": 0, "excluded_lines": 0, "percent_statements_covered": 100.0, "percent_statements_covered_display": "100"}, "missing_lines": [], "excluded_lines": [], "start_line": 333}, "save_judge_results": {"executed_lines": [349, 350, 351, 352, 353, 354], "summary": {"covered_lines": 6, "num_statements": 6, "percent_covered": 100.0, "percent_covered_display": "100", "missing_lines": 0, "excluded_lines": 0, "percent_statements_covered": 100.0, "percent_statements_covered_display": "100"}, "missing_lines": [], "excluded_lines": [], "start_line": 347}, "": {"executed_lines": [8, 10, 11, 12, 13, 14, 15, 16, 17, 19, 20, 21, 23, 32, 34, 35, 36, 37, 41, 42, 43, 44, 48, 49, 54, 55, 63, 73, 74, 75, 76, 77, 78, 79, 80, 82, 83, 84, 95, 107, 113, 126, 143, 181, 247, 316, 324, 333, 347], "summary": {"covered_lines": 49, "num_statements": 49, "percent_covered": 100.0, "percent_covered_display": "100", "missing_lines": 0, "excluded_lines": 26, "percent_statements_covered": 100.0, "percent_statements_covered_display": "100"}, "missing_lines": [], "excluded_lines": [362, 363, 365, 366, 368, 369, 370, 372, 373, 374, 375, 376, 378, 382, 384, 385, 388, 389, 391, 392, 393, 394, 395, 396, 397, 399], "start_line": 1}}, "classes": {"_JudgeLLMOutput": {"executed_lines": [85, 86, 87], "summary": {"covered_lines": 3, "num_statements": 3, "percent_covered": 100.0, "percent_covered_display": "100", "missing_lines": 0, "excluded_lines": 0, "percent_statements_covered": 100.0, "percent_statements_covered_display": "100"}, "missing_lines": [], "excluded_lines": [], "start_line": 63}, "": {"executed_lines": [8, 10, 11, 12, 13, 14, 15, 16, 17, 19, 20, 21, 23, 32, 34, 35, 36, 37, 41, 42, 43, 44, 48, 49, 54, 55, 63, 73, 74, 75, 76, 77, 78, 79, 80, 82, 83, 84, 95, 97, 99, 101, 102, 103, 104, 107, 109, 110, 113, 115, 116, 117, 118, 119, 120, 121, 122, 123, 126, 128, 129, 135, 143, 153, 167, 173, 181, 200, 201, 203, 204, 205, 206, 208, 211, 212, 213, 215, 216, 219, 221, 235, 236, 239, 247, 264, 265, 266, 268, 270, 271, 272, 273, 274, 277, 278, 279, 280, 281, 282, 284, 285, 286, 288, 289, 290, 291, 292, 293, 294, 296, 297, 299, 300, 302, 305, 306, 308, 316, 317, 318, 319, 320, 321, 324, 325, 326, 327, 328, 329, 330, 333, 334, 335, 336, 337, 338, 339, 347, 349, 350, 351, 352, 353, 354], "summary": {"covered_lines": 145, "num_statements": 145, "percent_covered": 100.0, "percent_covered_display": "100", "missing_lines": 0, "excluded_lines": 26, "percent_statements_covered": 100.0, "percent_statements_covered_display": "100"}, "missing_lines": [], "excluded_lines": [362, 363, 365, 366, 368, 369, 370, 372, 373, 374, 375, 376, 378, 382, 384, 385, 388, 389, 391, 392, 393, 394, 395, 396, 397, 399], "start_line": 1}}}, "src/labeler.py": {"executed_lines": [1, 3, 5, 6, 18, 43, 47, 86, 104, 119, 120, 122, 123, 126, 128, 131, 141, 143, 144, 145, 147, 148, 149, 150, 153, 155, 158, 169, 171, 172, 173, 176, 177, 178, 179, 180, 181, 182, 183, 185, 193, 204, 205, 206, 209, 216, 219, 234, 235, 236, 239, 251, 253, 256, 257, 262, 263, 268, 269, 271, 278, 279, 280, 281, 282, 286, 289, 296, 299, 306, 307, 308, 311, 312, 313, 316, 317, 318, 319, 320, 321, 322, 323, 324, 325, 326, 328, 336, 351, 352, 355, 356, 358, 363, 364, 365, 369, 370, 372, 373, 376, 381, 384, 386], "summary": {"covered_lines": 104, "num_statements": 104, "percent_covered": 100.0, "percent_covered_display": "100", "missing_lines": 0, "excluded_lines": 0, "percent_statements_covered": 100.0, "percent_statements_covered_display": "100"}, "missing_lines": [], "excluded_lines": [], "functions": {"calculate_jaccard": {"executed_lines": [119, 120, 122, 123, 126, 128], "summary": {"covered_lines": 6, "num_statements": 6, "percent_covered": 100.0, "percent_covered_display": "100", "missing_lines": 0, "excluded_lines": 0, "percent_statements_covered": 100.0, "percent_statements_covered_display": "100"}, "missing_lines": [], "excluded_lines": [], "start_line": 104}, "calculate_total_experience": {"executed_lines": [141, 143, 144, 145, 147, 148, 149, 150, 153, 155], "summary": {"covered_lines": 10, "num_statements": 10, "percent_covered": 100.0, "percent_covered_display": "100", "missing_lines": 0, "excluded_lines": 0, "percent_statements_covered": 100.0, "percent_statements_covered_display": "100"}, "missing_lines": [], "excluded_lines": [], "start_line": 131}, "infer_seniority": {"executed_lines": [169, 171, 172, 173, 176, 177, 178, 179, 180, 181, 182, 183, 185], "summary": {"covered_lines": 13, "num_statements": 13, "percent_covered": 100.0, "percent_covered_display": "100", "missing_lines": 0, "excluded_lines": 0, "percent_statements_covered": 100.0, "percent_statements_covered_display": "100"}, "missing_lines": [], "excluded_lines": [], "start_line": 158}, "check_experience_mismatch": {"executed_lines": [204, 205, 206], "summary": {"covered_lines": 3, "num_statements": 3, "percent_covered": 100.0, "percent_covered_display": "100", "missing_lines": 0, "excluded_lines": 0, "percent_statements_covered": 100.0, "percent_statements_covered_display": "100"}, "missing_lines": [], "excluded_lines": [], "start_line": 193}, "check_seniority_mismatch": {"executed_lines": [216], "summary": {"covered_lines": 1, "num_statements": 1, "percent_covered": 100.0, "percent_covered_display": "100", "missing_lines": 0, "excluded_lines": 0, "percent_statements_covered": 100.0, "percent_statements_covered_display": "100"}, "missing_lines": [], "excluded_lines": [], "start_line": 209}, "check_missing_core_skills": {"executed_lines": [234, 235, 236], "summary": {"covered_lines": 3, "num_statements": 3, "percent_covered": 100.0, "percent_covered_display": "100", "missing_lines": 0, "excluded_lines": 0, "percent_statements_covered": 100.0, "percent_statements_covered_display": "100"}, "missing_lines": [], "excluded_lines": [], "start_line": 219}, "detect_hallucinations": {"executed_lines": [251, 253, 256, 257, 262, 263, 268, 269, 271, 278, 279, 280, 281, 282, 286], "summary": {"covered_lines": 15, "num_statements": 15, "percent_covered": 100.0, "percent_covered_display": "100", "missing_lines": 0, "excluded_lines": 0, "percent_statements_covered": 100.0, "percent_statements_covered_display": "100"}, "missing_lines": [], "excluded_lines": [], "start_line": 239}, "detect_awkward_language": {"executed_lines": [296, 299, 306, 307, 308, 311, 312, 313, 316, 317, 318, 319, 320, 321, 322, 323, 324, 325, 326, 328], "summary": {"covered_lines": 20, "num_statements": 20, "percent_covered": 100.0, "percent_covered_display": "100", "missing_lines": 0, "excluded_lines": 0, "percent_statements_covered": 100.0, "percent_statements_covered_display": "100"}, "missing_lines": [], "excluded_lines": [], "start_line": 289}, "label_pair": {"executed_lines": [351, 352, 355, 356, 358, 363, 364, 365, 369, 370, 372, 373, 376, 381, 384, 386], "summary": {"covered_lines": 16, "num_statements": 16, "percent_covered": 100.0, "percent_covered_display": "100", "missing_lines": 0, "excluded_lines": 0, "percent_statements_covered": 100.0, "percent_statements_covered_display": "100"}, "missing_lines": [], "excluded_lines": [], "start_line": 336}, "": {"executed_lines": [1, 3, 5, 6, 18, 43, 47, 86, 104, 131, 158, 193, 209, 219, 239, 289, 336], "summary": {"covered_lines": 17, "num_statements": 17, "percent_covered": 100.0, "percent_covered_display": "100", "missing_lines": 0, "excluded_lines": 0, "percent_statements_covered": 100.0, "percent_statements_covered_display": "100"}, "missing_lines": [], "excluded_lines": [], "start_line": 1}}, "classes": {"": {"executed_lines": [1, 3, 5, 6, 18, 43, 47, 86, 104, 119, 120, 122, 123, 126, 128, 131, 141, 143, 144, 145, 147, 148, 149, 150, 153, 155, 158, 169, 171, 172, 173, 176, 177, 178, 179, 180, 181, 182, 183, 185, 193, 204, 205, 206, 209, 216, 219, 234, 235, 236, 239, 251, 253, 256, 257, 262, 263, 268, 269, 271, 278, 279, 280, 281, 282, 286, 289, 296, 299, 306, 307, 308, 311, 312, 313, 316, 317, 318, 319, 320, 321, 322, 323, 324, 325, 326, 328, 336, 351, 352, 355, 356, 358, 363, 364, 365, 369, 370, 372, 373, 376, 381, 384, 386], "summary": {"covered_lines": 104, "num_statements": 104, "percent_covered": 100.0, "percent_covered_display": "100", "missing_lines": 0, "excluded_lines": 0, "percent_statements_covered": 100.0, "percent_statements_covered_display": "100"}, "missing_lines": [], "excluded_lines": [], "start_line": 1}}}, "src/multi_hop.py": {"executed_lines": [15, 17, 18, 19, 21, 32, 33, 34, 35, 38, 47, 48, 49, 50, 51, 54, 62, 72, 73, 74, 76, 81, 82, 83, 88, 90, 94, 96, 104, 113, 114, 115, 116, 118, 123, 124, 129, 133, 134, 135, 136, 140, 142, 146, 148, 156, 165, 166, 168, 169, 170, 171, 172, 174, 176, 177, 178, 180, 186, 187, 188, 193, 195, 200, 202, 210, 220, 221, 222, 223, 225, 231, 232, 233, 237, 238, 239, 243, 245, 249, 251, 264, 279, 280, 286, 288, 300, 301, 302, 303, 304, 305, 308, 309, 310, 311, 312, 313, 314, 317, 318, 319, 320, 321, 322, 323, 326, 327, 328, 329, 330, 331, 332, 340, 341, 342, 344, 345, 347, 348, 349, 350, 351, 352, 358, 359, 360, 362, 363, 364, 365, 366, 368, 371, 372, 373, 374, 376, 377, 378, 379, 380, 381, 384, 385, 386, 387, 388, 390, 391, 392, 394, 395, 396, 398, 401, 405, 406, 407, 408, 409, 410, 412, 413, 414, 415, 416, 418, 419], "summary": {"covered_lines": 169, "num_statements": 169, "percent_covered": 100.0, "percent_covered_display": "100", "missing_lines": 0, "excluded_lines": 2, "percent_statements_covered": 100.0, "percent_statements_covered_display": "100"}, "missing_lines": [], "excluded_lines": [422, 423], "functions": {"_q_education_vs_experience": {"executed_lines": [72, 73, 74, 76, 81, 82, 83, 88, 90, 94, 96], "summary": {"covered_lines": 11, "num_statements": 11, "percent_covered": 100.0, "percent_covered_display": "100", "missing_lines": 0, "excluded_lines": 0, "percent_statements_covered": 100.0, "percent_statements_covered_display": "100"}, "missing_lines": [], "excluded_lines": [], "start_line": 62}, "_q_skills_consistency": {"executed_lines": [113, 114, 115, 116, 118, 123, 124, 129, 133, 134, 135, 136, 140, 142, 146, 148], "summary": {"covered_lines": 16, "num_statements": 16, "percent_covered": 100.0, "percent_covered_display": "100", "missing_lines": 0, "excluded_lines": 0, "percent_statements_covered": 100.0, "percent_statements_covered_display": "100"}, "missing_lines": [], "excluded_lines": [], "start_line": 104}, "_q_career_progression": {"executed_lines": [165, 166, 168, 169, 170, 171, 172, 174, 176, 177, 178, 180, 186, 187, 188, 193, 195, 200, 202], "summary": {"covered_lines": 19, "num_statements": 19, "percent_covered": 100.0, "percent_covered_display": "100", "missing_lines": 0, "excluded_lines": 0, "percent_statements_covered": 100.0, "percent_statements_covered_display": "100"}, "missing_lines": [], "excluded_lines": [], "start_line": 156}, "_q_skills_overlap_fit": {"executed_lines": [220, 221, 222, 223, 225, 231, 232, 233, 237, 238, 239, 243, 245, 249, 251], "summary": {"covered_lines": 15, "num_statements": 15, "percent_covered": 100.0, "percent_covered_display": "100", "missing_lines": 0, "excluded_lines": 0, "percent_statements_covered": 100.0, "percent_statements_covered_display": "100"}, "missing_lines": [], "excluded_lines": [], "start_line": 210}, "generate_multi_hop_questions": {"executed_lines": [279, 280, 286, 288], "summary": {"covered_lines": 4, "num_statements": 4, "percent_covered": 100.0, "percent_covered_display": "100", "missing_lines": 0, "excluded_lines": 0, "percent_statements_covered": 100.0, "percent_statements_covered_display": "100"}, "missing_lines": [], "excluded_lines": [], "start_line": 264}, "_load_pairs": {"executed_lines": [301, 302, 303, 304, 305], "summary": {"covered_lines": 5, "num_statements": 5, "percent_covered": 100.0, "percent_covered_display": "100", "missing_lines": 0, "excluded_lines": 0, "percent_statements_covered": 100.0, "percent_statements_covered_display": "100"}, "missing_lines": [], "excluded_lines": [], "start_line": 300}, "_load_jobs": {"executed_lines": [309, 310, 311, 312, 313, 314], "summary": {"covered_lines": 6, "num_statements": 6, "percent_covered": 100.0, "percent_covered_display": "100", "missing_lines": 0, "excluded_lines": 0, "percent_statements_covered": 100.0, "percent_statements_covered_display": "100"}, "missing_lines": [], "excluded_lines": [], "start_line": 308}, "_load_resumes": {"executed_lines": [318, 319, 320, 321, 322, 323], "summary": {"covered_lines": 6, "num_statements": 6, "percent_covered": 100.0, "percent_covered_display": "100", "missing_lines": 0, "excluded_lines": 0, "percent_statements_covered": 100.0, "percent_statements_covered_display": "100"}, "missing_lines": [], "excluded_lines": [], "start_line": 317}, "_load_labels": {"executed_lines": [327, 328, 329, 330, 331, 332], "summary": {"covered_lines": 6, "num_statements": 6, "percent_covered": 100.0, "percent_covered_display": "100", "missing_lines": 0, "excluded_lines": 0, "percent_statements_covered": 100.0, "percent_statements_covered_display": "100"}, "missing_lines": [], "excluded_lines": [], "start_line": 326}, "run": {"executed_lines": [341, 342, 344, 345, 347, 348, 349, 350, 351, 352, 358, 359, 360, 362, 363, 364, 365, 366, 368, 371, 372, 373, 374, 376, 377, 378, 379, 380, 381, 384, 385, 386, 387, 388, 390, 391, 392, 394, 395, 396, 398, 401, 405, 406, 407, 408, 409, 410, 412, 413, 414, 415, 416, 418, 419], "summary": {"covered_lines": 55, "num_statements": 55, "percent_covered": 100.0, "percent_covered_display": "100", "missing_lines": 0, "excluded_lines": 0, "percent_statements_covered": 100.0, "percent_statements_covered_display": "100"}, "missing_lines": [], "excluded_lines": [], "start_line": 340}, "": {"executed_lines": [15, 17, 18, 19, 21, 32, 33, 34, 35, 38, 47, 48, 49, 50, 51, 54, 62, 104, 156, 210, 264, 300, 308, 317, 326, 340], "summary": {"covered_lines": 26, "num_statements": 26, "percent_covered": 100.0, "percent_covered_display": "100", "missing_lines": 0, "excluded_lines": 2, "percent_statements_covered": 100.0, "percent_statements_covered_display": "100"}, "missing_lines": [], "excluded_lines": [422, 423], "start_line": 1}}, "classes": {"": {"executed_lines": [15, 17, 18, 19, 21, 32, 33, 34, 35, 38, 47, 48, 49, 50, 51, 54, 62, 72, 73, 74, 76, 81, 82, 83, 88, 90, 94, 96, 104, 113, 114, 115, 116, 118, 123, 124, 129, 133, 134, 135, 136, 140, 142, 146, 148, 156, 165, 166, 168, 169, 170, 171, 172, 174, 176, 177, 178, 180, 186, 187, 188, 193, 195, 200, 202, 210, 220, 221, 222, 223, 225, 231, 232, 233, 237, 238, 239, 243, 245, 249, 251, 264, 279, 280, 286, 288, 300, 301, 302, 303, 304, 305, 308, 309, 310, 311, 312, 313, 314, 317, 318, 319, 320, 321, 322, 323, 326, 327, 328, 329, 330, 331, 332, 340, 341, 342, 344, 345, 347, 348, 349, 350, 351, 352, 358, 359, 360, 362, 363, 364, 365, 366, 368, 371, 372, 373, 374, 376, 377, 378, 379, 380, 381, 384, 385, 386, 387, 388, 390, 391, 392, 394, 395, 396, 398, 401, 405, 406, 407, 408, 409, 410, 412, 413, 414, 415, 416, 418, 419], "summary": {"covered_lines": 169, "num_statements": 169, "percent_covered": 100.0, "percent_covered_display": "100", "missing_lines": 0, "excluded_lines": 2, "percent_statements_covered": 100.0, "percent_statements_covered_display": "100"}, "missing_lines": [], "excluded_lines": [422, 423], "start_line": 1}}}, "src/normalizer.py": {"executed_lines": [1, 3, 5, 35, 46, 49, 51, 53, 58, 59, 60, 65, 68, 71, 72, 73, 76, 78, 80, 82], "summary": {"covered_lines": 20, "num_statements": 20, "percent_covered": 100.0, "percent_covered_display": "100", "missing_lines": 0, "excluded_lines": 0, "percent_statements_covered": 100.0, "percent_statements_covered_display": "100"}, "missing_lines": [], "excluded_lines": [], "functions": {"SkillNormalizer.__init__": {"executed_lines": [51], "summary": {"covered_lines": 1, "num_statements": 1, "percent_covered": 100.0, "percent_covered_display": "100", "missing_lines": 0, "excluded_lines": 0, "percent_statements_covered": 100.0, "percent_statements_covered_display": "100"}, "missing_lines": [], "excluded_lines": [], "start_line": 49}, "SkillNormalizer.normalize": {"executed_lines": [58, 59, 60, 65, 68, 71, 72, 73, 76, 78], "summary": {"covered_lines": 10, "num_statements": 10, "percent_covered": 100.0, "percent_covered_display": "100", "missing_lines": 0, "excluded_lines": 0, "percent_statements_covered": 100.0, "percent_statements_covered_display": "100"}, "missing_lines": [], "excluded_lines": [], "start_line": 53}, "SkillNormalizer.normalize_set": {"executed_lines": [82], "summary": {"covered_lines": 1, "num_statements": 1, "percent_covered": 100.0, "percent_covered_display": "100", "missing_lines": 0, "excluded_lines": 0, "percent_statements_covered": 100.0, "percent_statements_covered_display": "100"}, "missing_lines": [], "excluded_lines": [], "start_line": 80}, "": {"executed_lines": [1, 3, 5, 35, 46, 49, 53, 80], "summary": {"covered_lines": 8, "num_statements": 8, "percent_covered": 100.0, "percent_covered_display": "100", "missing_lines": 0, "excluded_lines": 0, "percent_statements_covered": 100.0, "percent_statements_covered_display": "100"}, "missing_lines": [], "excluded_lines": [], "start_line": 1}}, "classes": {"SkillNormalizer": {"executed_lines": [51, 58, 59, 60, 65, 68, 71, 72, 73, 76, 78, 82], "summary": {"covered_lines": 12, "num_statements": 12, "percent_covered": 100.0, "percent_covered_display": "100", "missing_lines": 0, "excluded_lines": 0, "percent_statements_covered": 100.0, "percent_statements_covered_display": "100"}, "missing_lines": [], "excluded_lines": [], "start_line": 46}, "": {"executed_lines": [1, 3, 5, 35, 46, 49, 53, 80], "summary": {"covered_lines": 8, "num_statements": 8, "percent_covered": 100.0, "percent_covered_display": "100", "missing_lines": 0, "excluded_lines": 0, "percent_statements_covered": 100.0, "percent_statements_covered_display": "100"}, "missing_lines": [], "excluded_lines": [], "start_line": 1}}}, "src/pipeline.py": {"executed_lines": [], "summary": {"covered_lines": 0, "num_statements": 58, "percent_covered": 0.0, "percent_covered_display": "0", "missing_lines": 58, "excluded_lines": 8, "percent_statements_covered": 0.0, "percent_statements_covered_display": "0"}, "missing_lines": [15, 17, 18, 19, 27, 36, 37, 45, 52, 53, 54, 57, 59, 61, 63, 66, 72, 73, 74, 76, 77, 78, 79, 80, 83, 89, 90, 93, 98, 99, 102, 104, 106, 108, 111, 113, 116, 118, 126, 141, 142, 143, 145, 146, 148, 150, 152, 153, 155, 157, 158, 159, 161, 162, 164, 166, 167, 168], "excluded_lines": [176, 177, 195, 200, 205, 210, 215, 217], "functions": {"_run_module": {"executed_lines": [], "summary": {"covered_lines": 0, "num_statements": 2, "percent_covered": 0.0, "percent_covered_display": "0", "missing_lines": 2, "excluded_lines": 0, "percent_statements_covered": 0.0, "percent_statements_covered_display": "0"}, "missing_lines": [36, 37], "excluded_lines": [], "start_line": 27}, "_step_generate": {"executed_lines": [], "summary": {"covered_lines": 0, "num_statements": 3, "percent_covered": 0.0, "percent_covered_display": "0", "missing_lines": 3, "excluded_lines": 0, "percent_statements_covered": 0.0, "percent_statements_covered_display": "0"}, "missing_lines": [52, 53, 54], "excluded_lines": [], "start_line": 45}, "_step_label": {"executed_lines": [], "summary": {"covered_lines": 0, "num_statements": 3, "percent_covered": 0.0, "percent_covered_display": "0", "missing_lines": 3, "excluded_lines": 0, "percent_statements_covered": 0.0, "percent_statements_covered_display": "0"}, "missing_lines": [59, 61, 63], "excluded_lines": [], "start_line": 57}, "_step_judge": {"executed_lines": [], "summary": {"covered_lines": 0, "num_statements": 8, "percent_covered": 0.0, "percent_covered_display": "0", "missing_lines": 8, "excluded_lines": 0, "percent_statements_covered": 0.0, "percent_statements_covered_display": "0"}, "missing_lines": [72, 73, 74, 76, 77, 78, 79, 80], "excluded_lines": [], "start_line": 66}, "_step_correct": {"executed_lines": [], "summary": {"covered_lines": 0, "num_statements": 2, "percent_covered": 0.0, "percent_covered_display": "0", "missing_lines": 2, "excluded_lines": 0, "percent_statements_covered": 0.0, "percent_statements_covered_display": "0"}, "missing_lines": [89, 90], "excluded_lines": [], "start_line": 83}, "_step_analyze": {"executed_lines": [], "summary": {"covered_lines": 0, "num_statements": 2, "percent_covered": 0.0, "percent_covered_display": "0", "missing_lines": 2, "excluded_lines": 0, "percent_statements_covered": 0.0, "percent_statements_covered_display": "0"}, "missing_lines": [98, 99], "excluded_lines": [], "start_line": 93}, "_step_multi_hop": {"executed_lines": [], "summary": {"covered_lines": 0, "num_statements": 3, "percent_covered": 0.0, "percent_covered_display": "0", "missing_lines": 3, "excluded_lines": 0, "percent_statements_covered": 0.0, "percent_statements_covered_display": "0"}, "missing_lines": [104, 106, 108], "excluded_lines": [], "start_line": 102}, "_step_vector_store": {"executed_lines": [], "summary": {"covered_lines": 0, "num_statements": 3, "percent_covered": 0.0, "percent_covered_display": "0", "missing_lines": 3, "excluded_lines": 0, "percent_statements_covered": 0.0, "percent_statements_covered_display": "0"}, "missing_lines": [113, 116, 118], "excluded_lines": [], "start_line": 111}, "run_pipeline": {"executed_lines": [], "summary": {"covered_lines": 0, "num_statements": 19, "percent_covered": 0.0, "percent_covered_display": "0", "missing_lines": 19, "excluded_lines": 0, "percent_statements_covered": 0.0, "percent_statements_covered_display": "0"}, "missing_lines": [141, 142, 143, 145, 146, 148, 150, 152, 153, 155, 157, 158, 159, 161, 162, 164, 166, 167, 168], "excluded_lines": [], "start_line": 126}, "": {"executed_lines": [], "summary": {"covered_lines": 0, "num_statements": 13, "percent_covered": 0.0, "percent_covered_display": "0", "missing_lines": 13, "excluded_lines": 8, "percent_statements_covered": 0.0, "percent_statements_covered_display": "0"}, "missing_lines": [15, 17, 18, 19, 27, 45, 57, 66, 83, 93, 102, 111, 126], "excluded_lines": [176, 177, 195, 200, 205, 210, 215, 217], "start_line": 1}}, "classes": {"": {"executed_lines": [], "summary": {"covered_lines": 0, "num_statements": 58, "percent_covered": 0.0, "percent_covered_display": "0", "missing_lines": 58, "excluded_lines": 8, "percent_statements_covered": 0.0, "percent_statements_covered_display": "0"}, "missing_lines": [15, 17, 18, 19, 27, 36, 37, 45, 52, 53, 54, 57, 59, 61, 63, 66, 72, 73, 74, 76, 77, 78, 79, 80, 83, 89, 90, 93, 98, 99, 102, 104, 106, 108, 111, 113, 116, 118, 126, 141, 142, 143, 145, 146, 148, 150, 152, 153, 155, 157, 158, 159, 161, 162, 164, 166, 167, 168], "excluded_lines": [176, 177, 195, 200, 205, 210, 215, 217], "start_line": 1}}}, "src/run_generation.py": {"executed_lines": [1, 3, 4, 5, 6, 8, 10, 11, 12, 14, 15, 16, 18, 21, 22, 25, 69, 79, 80, 84, 90, 91, 92, 95, 97, 98, 101, 102, 103, 104, 106, 111, 113, 114, 117, 118, 122, 123, 124, 126, 127, 130, 131, 134, 135, 136, 138, 140, 141, 142, 143, 144, 145, 146, 147, 150, 151], "summary": {"covered_lines": 57, "num_statements": 85, "percent_covered": 67.05882352941177, "percent_covered_display": "67", "missing_lines": 28, "excluded_lines": 2, "percent_statements_covered": 67.05882352941177, "percent_statements_covered_display": "67"}, "missing_lines": [33, 34, 36, 40, 41, 43, 44, 45, 46, 47, 48, 49, 51, 52, 53, 54, 55, 56, 57, 59, 61, 62, 65, 66, 85, 86, 87, 88], "excluded_lines": [154, 155], "functions": {"write_stats_from_generated_files": {"executed_lines": [], "summary": {"covered_lines": 0, "num_statements": 24, "percent_covered": 0.0, "percent_covered_display": "0", "missing_lines": 24, "excluded_lines": 0, "percent_statements_covered": 0.0, "percent_statements_covered_display": "0"}, "missing_lines": [33, 34, 36, 40, 41, 43, 44, 45, 46, 47, 48, 49, 51, 52, 53, 54, 55, 56, 57, 59, 61, 62, 65, 66], "excluded_lines": [], "start_line": 25}, "main": {"executed_lines": [79, 80, 84, 90, 91, 92, 95, 97, 98, 101, 102, 103, 104, 106, 111, 113, 114, 117, 118, 122, 123, 124, 126, 127, 130, 131, 134, 135, 136, 138, 140, 141, 142, 143, 144, 145, 146, 147, 150, 151], "summary": {"covered_lines": 40, "num_statements": 44, "percent_covered": 90.9090909090909, "percent_covered_display": "91", "missing_lines": 4, "excluded_lines": 0, "percent_statements_covered": 90.9090909090909, "percent_statements_covered_display": "91"}, "missing_lines": [85, 86, 87, 88], "excluded_lines": [], "start_line": 69}, "": {"executed_lines": [1, 3, 4, 5, 6, 8, 10, 11, 12, 14, 15, 16, 18, 21, 22, 25, 69], "summary": {"covered_lines": 17, "num_statements": 17, "percent_covered": 100.0, "percent_covered_display": "100", "missing_lines": 0, "excluded_lines": 2, "percent_statements_covered": 100.0, "percent_statements_covered_display": "100"}, "missing_lines": [], "excluded_lines": [154, 155], "start_line": 1}}, "classes": {"": {"executed_lines": [1, 3, 4, 5, 6, 8, 10, 11, 12, 14, 15, 16, 18, 21, 22, 25, 69, 79, 80, 84, 90, 91, 92, 95, 97, 98, 101, 102, 103, 104, 106, 111, 113, 114, 117, 118, 122, 123, 124, 126, 127, 130, 131, 134, 135, 136, 138, 140, 141, 142, 143, 144, 145, 146, 147, 150, 151], "summary": {"covered_lines": 57, "num_statements": 85, "percent_covered": 67.05882352941177, "percent_covered_display": "67", "missing_lines": 28, "excluded_lines": 2, "percent_statements_covered": 67.05882352941177, "percent_statements_covered_display": "67"}, "missing_lines": [33, 34, 36, 40, 41, 43, 44, 45, 46, 47, 48, 49, 51, 52, 53, 54, 55, 56, 57, 59, 61, 62, 65, 66, 85, 86, 87, 88], "excluded_lines": [154, 155], "start_line": 1}}}, "src/run_labeling.py": {"executed_lines": [8, 10, 12, 13, 15, 16, 17, 28, 29, 30, 32, 33, 34, 36, 39, 47, 55, 57, 58, 59, 60, 61, 62, 65, 67, 68, 69, 70, 71, 72, 75, 77, 78, 79, 80, 81, 89, 90, 91, 92, 93, 96, 97, 98, 99, 100, 103, 106, 109, 110, 111, 113, 114, 115, 116, 117, 118, 119, 120, 121, 122, 124, 125, 126, 127, 129, 132, 133, 134, 135, 136, 144, 152, 154, 155, 156, 157, 158, 159, 160, 163, 164, 165, 166, 167, 168, 170, 171, 172, 173, 174, 175, 176, 177, 178, 179, 180, 182, 185, 186, 187, 188, 190, 191, 192, 193, 195, 196], "summary": {"covered_lines": 108, "num_statements": 108, "percent_covered": 100.0, "percent_covered_display": "100", "missing_lines": 0, "excluded_lines": 2, "percent_statements_covered": 100.0, "percent_statements_covered_display": "100"}, "missing_lines": [], "excluded_lines": [199, 200], "functions": {"load_jobs": {"executed_lines": [57, 58, 59, 60, 61, 62], "summary": {"covered_lines": 6, "num_statements": 6, "percent_covered": 100.0, "percent_covered_display": "100", "missing_lines": 0, "excluded_lines": 0, "percent_statements_covered": 100.0, "percent_statements_covered_display": "100"}, "missing_lines": [], "excluded_lines": [], "start_line": 55}, "load_resumes": {"executed_lines": [67, 68, 69, 70, 71, 72], "summary": {"covered_lines": 6, "num_statements": 6, "percent_covered": 100.0, "percent_covered_display": "100", "missing_lines": 0, "excluded_lines": 0, "percent_statements_covered": 100.0, "percent_statements_covered_display": "100"}, "missing_lines": [], "excluded_lines": [], "start_line": 65}, "load_pairs": {"executed_lines": [77, 78, 79, 80, 81], "summary": {"covered_lines": 5, "num_statements": 5, "percent_covered": 100.0, "percent_covered_display": "100", "missing_lines": 0, "excluded_lines": 0, "percent_statements_covered": 100.0, "percent_statements_covered_display": "100"}, "missing_lines": [], "excluded_lines": [], "start_line": 75}, "run": {"executed_lines": [90, 91, 92, 93, 96, 97, 98, 99, 100, 103, 106, 109, 110, 111, 113, 114, 115, 116, 117, 118, 119, 120, 121, 122, 124, 125, 126, 127, 129, 132, 133, 134, 135, 136, 144, 152, 154, 155, 156, 157, 158, 159, 160, 163, 164, 165, 166, 167, 168, 170, 171, 172, 173, 174, 175, 176, 177, 178, 179, 180, 182, 185, 186, 187, 188, 190, 191, 192, 193, 195, 196], "summary": {"covered_lines": 71, "num_statements": 71, "percent_covered": 100.0, "percent_covered_display": "100", "missing_lines": 0, "excluded_lines": 0, "percent_statements_covered": 100.0, "percent_statements_covered_display": "100"}, "missing_lines": [], "excluded_lines": [], "start_line": 89}, "": {"executed_lines": [8, 10, 12, 13, 15, 16, 17, 28, 29, 30, 32, 33, 34, 36, 39, 47, 55, 65, 75, 89], "summary": {"covered_lines": 20, "num_statements": 20, "percent_covered": 100.0, "percent_covered_display": "100", "missing_lines": 0, "excluded_lines": 2, "percent_statements_covered": 100.0, "percent_statements_covered_display": "100"}, "missing_lines": [], "excluded_lines": [199, 200], "start_line": 1}}, "classes": {"": {"executed_lines": [8, 10, 12, 13, 15, 16, 17, 28, 29, 30, 32, 33, 34, 36, 39, 47, 55, 57, 58, 59, 60, 61, 62, 65, 67, 68, 69, 70, 71, 72, 75, 77, 78, 79, 80, 81, 89, 90, 91, 92, 93, 96, 97, 98, 99, 100, 103, 106, 109, 110, 111, 113, 114, 115, 116, 117, 118, 119, 120, 121, 122, 124, 125, 126, 127, 129, 132, 133, 134, 135, 136, 144, 152, 154, 155, 156, 157, 158, 159, 160, 163, 164, 165, 166, 167, 168, 170, 171, 172, 173, 174, 175, 176, 177, 178, 179, 180, 182, 185, 186, 187, 188, 190, 191, 192, 193, 195, 196], "summary": {"covered_lines": 108, "num_statements": 108, "percent_covered": 100.0, "percent_covered_display": "100", "missing_lines": 0, "excluded_lines": 2, "percent_statements_covered": 100.0, "percent_statements_covered_display": "100"}, "missing_lines": [], "excluded_lines": [199, 200], "start_line": 1}}}, "src/sanity_check.py": {"executed_lines": [1, 3, 4, 6, 7, 9, 10, 12, 13, 16, 18, 19, 20, 21, 22, 23, 24, 25, 28, 30, 31, 34, 35, 36, 39, 40, 42, 45, 46, 47, 48, 49, 50, 51, 54, 55, 56, 57, 58, 59, 60, 62, 63, 64, 66, 67, 68, 70, 71, 72, 73, 74, 76, 85, 86], "summary": {"covered_lines": 55, "num_statements": 55, "percent_covered": 100.0, "percent_covered_display": "100", "missing_lines": 0, "excluded_lines": 2, "percent_statements_covered": 100.0, "percent_statements_covered_display": "100"}, "missing_lines": [], "excluded_lines": [91, 92], "functions": {"_load_latest_jsonl": {"executed_lines": [18, 19, 20, 21, 22, 23, 24, 25], "summary": {"covered_lines": 8, "num_statements": 8, "percent_covered": 100.0, "percent_covered_display": "100", "missing_lines": 0, "excluded_lines": 0, "percent_statements_covered": 100.0, "percent_statements_covered_display": "100"}, "missing_lines": [], "excluded_lines": [], "start_line": 16}, "main": {"executed_lines": [30, 31, 34, 35, 36, 39, 40, 42, 45, 46, 47, 48, 49, 50, 51, 54, 55, 56, 57, 58, 59, 60, 62, 63, 64, 66, 67, 68, 70, 71, 72, 73, 74, 76, 85, 86], "summary": {"covered_lines": 36, "num_statements": 36, "percent_covered": 100.0, "percent_covered_display": "100", "missing_lines": 0, "excluded_lines": 0, "percent_statements_covered": 100.0, "percent_statements_covered_display": "100"}, "missing_lines": [], "excluded_lines": [], "start_line": 28}, "": {"executed_lines": [1, 3, 4, 6, 7, 9, 10, 12, 13, 16, 28], "summary": {"covered_lines": 11, "num_statements": 11, "percent_covered": 100.0, "percent_covered_display": "100", "missing_lines": 0, "excluded_lines": 2, "percent_statements_covered": 100.0, "percent_statements_covered_display": "100"}, "missing_lines": [], "excluded_lines": [91, 92], "start_line": 1}}, "classes": {"": {"executed_lines": [1, 3, 4, 6, 7, 9, 10, 12, 13, 16, 18, 19, 20, 21, 22, 23, 24, 25, 28, 30, 31, 34, 35, 36, 39, 40, 42, 45, 46, 47, 48, 49, 50, 51, 54, 55, 56, 57, 58, 59, 60, 62, 63, 64, 66, 67, 68, 70, 71, 72, 73, 74, 76, 85, 86], "summary": {"covered_lines": 55, "num_statements": 55, "percent_covered": 100.0, "percent_covered_display": "100", "missing_lines": 0, "excluded_lines": 2, "percent_statements_covered": 100.0, "percent_statements_covered_display": "100"}, "missing_lines": [], "excluded_lines": [91, 92], "start_line": 1}}}, "src/schemas.py": {"executed_lines": [1, 3, 4, 5, 7, 15, 16, 17, 18, 19, 22, 23, 24, 25, 26, 27, 30, 31, 32, 33, 34, 35, 38, 39, 40, 41, 42, 43, 51, 52, 53, 54, 55, 56, 57, 59, 60, 61, 63, 64, 65, 67, 68, 69, 71, 72, 73, 74, 77, 78, 79, 80, 81, 82, 84, 85, 86, 88, 89, 90, 91, 92, 93, 94, 97, 99, 100, 101, 103, 104, 105, 108, 109, 110, 111, 112, 113, 114, 116, 117, 118, 119, 120, 121, 122, 123, 124, 125, 126, 127, 128, 130, 131, 132, 134, 135, 136, 138, 139, 141, 142, 143, 144, 145, 148, 151, 152, 159, 160, 162, 163, 164, 166, 167, 168, 176, 177, 178, 179, 180, 181, 183, 184, 185, 186, 187, 188, 190, 191, 192, 193, 194, 195, 197, 198, 199, 200, 201, 202, 205, 206, 207, 208, 214, 217, 218, 226, 235, 236, 237, 239, 240, 241, 242, 243, 244, 246, 247, 248, 249, 250, 251, 254, 255, 256, 257, 258, 266, 267, 268, 269, 270, 271, 272, 273, 274, 277, 278, 279, 280, 281, 282, 283, 286, 287, 288, 289, 290, 291, 299, 300, 301, 302, 303, 304, 305, 306, 307, 308, 309, 310, 311, 312, 313, 314, 315, 316, 317, 320, 321, 322, 323, 324, 325, 326, 327, 328, 329, 331, 332, 333, 335, 336, 337, 340, 341, 342, 343, 344, 345, 348, 349, 350, 351, 352, 353, 356, 357, 358, 359, 360, 361, 369, 370, 371, 374, 375, 376, 377, 378, 381, 382, 383, 384, 385, 386, 387, 390, 391, 392, 393, 394, 395, 396, 399, 400, 401, 402, 403, 404, 405, 406, 409, 410, 411, 412, 413, 416, 417, 418, 421, 422, 423, 424, 427, 428, 429, 430, 431, 432, 433, 436, 437, 438, 439, 440, 441, 444, 445, 446, 447, 450, 451, 452, 453, 456, 457, 458, 459, 460, 461, 462, 463, 466, 467, 468, 469, 470, 471, 474, 475, 476, 477, 478, 479, 480, 481], "summary": {"covered_lines": 327, "num_statements": 327, "percent_covered": 100.0, "percent_covered_display": "100", "missing_lines": 0, "excluded_lines": 0, "percent_statements_covered": 100.0, "percent_statements_covered_display": "100"}, "missing_lines": [], "excluded_lines": [], "functions": {"ContactInfo.validate_email": {"executed_lines": [63, 64, 65], "summary": {"covered_lines": 3, "num_statements": 3, "percent_covered": 100.0, "percent_covered_display": "100", "missing_lines": 0, "excluded_lines": 0, "percent_statements_covered": 100.0, "percent_statements_covered_display": "100"}, "missing_lines": [], "excluded_lines": [], "start_line": 61}, "ContactInfo.validate_phone": {"executed_lines": [71, 72, 73, 74], "summary": {"covered_lines": 4, "num_statements": 4, "percent_covered": 100.0, "percent_covered_display": "100", "missing_lines": 0, "excluded_lines": 0, "percent_statements_covered": 100.0, "percent_statements_covered_display": "100"}, "missing_lines": [], "excluded_lines": [], "start_line": 69}, "Education.validate_date_format": {"executed_lines": [88, 89, 90, 91, 92, 93, 94, 97], "summary": {"covered_lines": 8, "num_statements": 8, "percent_covered": 100.0, "percent_covered_display": "100", "missing_lines": 0, "excluded_lines": 0, "percent_statements_covered": 100.0, "percent_statements_covered_display": "100"}, "missing_lines": [], "excluded_lines": [], "start_line": 86}, "Education.validate_gpa": {"executed_lines": [103, 104, 105], "summary": {"covered_lines": 3, "num_statements": 3, "percent_covered": 100.0, "percent_covered_display": "100", "missing_lines": 0, "excluded_lines": 0, "percent_statements_covered": 100.0, "percent_statements_covered_display": "100"}, "missing_lines": [], "excluded_lines": [], "start_line": 101}, "Experience.validate_dates": {"executed_lines": [119, 120, 121, 122, 123, 124, 125, 126, 127, 128], "summary": {"covered_lines": 10, "num_statements": 10, "percent_covered": 100.0, "percent_covered_display": "100", "missing_lines": 0, "excluded_lines": 0, "percent_statements_covered": 100.0, "percent_statements_covered_display": "100"}, "missing_lines": [], "excluded_lines": [], "start_line": 118}, "Experience.validate_responsibilities": {"executed_lines": [134, 135, 136], "summary": {"covered_lines": 3, "num_statements": 3, "percent_covered": 100.0, "percent_covered_display": "100", "missing_lines": 0, "excluded_lines": 0, "percent_statements_covered": 100.0, "percent_statements_covered_display": "100"}, "missing_lines": [], "excluded_lines": [], "start_line": 132}, "Experience.validate_date_order": {"executed_lines": [141, 142, 143, 144, 145, 148], "summary": {"covered_lines": 6, "num_statements": 6, "percent_covered": 100.0, "percent_covered_display": "100", "missing_lines": 0, "excluded_lines": 0, "percent_statements_covered": 100.0, "percent_statements_covered_display": "100"}, "missing_lines": [], "excluded_lines": [], "start_line": 139}, "Skill.validate_years": {"executed_lines": [166, 167, 168], "summary": {"covered_lines": 3, "num_statements": 3, "percent_covered": 100.0, "percent_covered_display": "100", "missing_lines": 0, "excluded_lines": 0, "percent_statements_covered": 100.0, "percent_statements_covered_display": "100"}, "missing_lines": [], "excluded_lines": [], "start_line": 164}, "Resume.validate_education": {"executed_lines": [186, 187, 188], "summary": {"covered_lines": 3, "num_statements": 3, "percent_covered": 100.0, "percent_covered_display": "100", "missing_lines": 0, "excluded_lines": 0, "percent_statements_covered": 100.0, "percent_statements_covered_display": "100"}, "missing_lines": [], "excluded_lines": [], "start_line": 185}, "Resume.validate_experience": {"executed_lines": [193, 194, 195], "summary": {"covered_lines": 3, "num_statements": 3, "percent_covered": 100.0, "perce
[...]
, "start_line": 286}, "FailureLabels": {"executed_lines": [], "summary": {"covered_lines": 0, "num_statements": 0, "percent_covered": 100.0, "percent_covered_display": "100", "missing_lines": 0, "excluded_lines": 0, "percent_statements_covered": 100.0, "percent_statements_covered_display": "100"}, "missing_lines": [], "excluded_lines": [], "start_line": 299}, "JudgeResult": {"executed_lines": [335, 336, 337], "summary": {"covered_lines": 3, "num_statements": 3, "percent_covered": 100.0, "percent_covered_display": "100", "missing_lines": 0, "excluded_lines": 0, "percent_statements_covered": 100.0, "percent_statements_covered_display": "100"}, "missing_lines": [], "excluded_lines": [], "start_line": 320}, "CorrectionResult": {"executed_lines": [], "summary": {"covered_lines": 0, "num_statements": 0, "percent_covered": 100.0, "percent_covered_display": "100", "missing_lines": 0, "excluded_lines": 0, "percent_statements_covered": 100.0, "percent_statements_covered_display": "100"}, "missing_lines": [], "excluded_lines": [], "start_line": 340}, "CorrectionSummary": {"executed_lines": [], "summary": {"covered_lines": 0, "num_statements": 0, "percent_covered": 100.0, "percent_covered_display": "100", "missing_lines": 0, "excluded_lines": 0, "percent_statements_covered": 100.0, "percent_statements_covered_display": "100"}, "missing_lines": [], "excluded_lines": [], "start_line": 348}, "FeedbackEntry": {"executed_lines": [], "summary": {"covered_lines": 0, "num_statements": 0, "percent_covered": 100.0, "percent_covered_display": "100", "missing_lines": 0, "excluded_lines": 0, "percent_statements_covered": 100.0, "percent_statements_covered_display": "100"}, "missing_lines": [], "excluded_lines": [], "start_line": 356}, "ReviewRequest": {"executed_lines": [], "summary": {"covered_lines": 0, "num_statements": 0, "percent_covered": 100.0, "percent_covered_display": "100", "missing_lines": 0, "excluded_lines": 0, "percent_statements_covered": 100.0, "percent_statements_covered_display": "100"}, "missing_lines": [], "excluded_lines": [], "start_line": 369}, "ReviewResponse": {"executed_lines": [], "summary": {"covered_lines": 0, "num_statements": 0, "percent_covered": 100.0, "percent_covered_display": "100", "missing_lines": 0, "excluded_lines": 0, "percent_statements_covered": 100.0, "percent_statements_covered_display": "100"}, "missing_lines": [], "excluded_lines": [], "start_line": 374}, "FailureRateResponse": {"executed_lines": [], "summary": {"covered_lines": 0, "num_statements": 0, "percent_covered": 100.0, "percent_covered_display": "100", "missing_lines": 0, "excluded_lines": 0, "percent_statements_covered": 100.0, "percent_statements_covered_display": "100"}, "missing_lines": [], "excluded_lines": [], "start_line": 381}, "TemplateStats": {"executed_lines": [], "summary": {"covered_lines": 0, "num_statements": 0, "percent_covered": 100.0, "percent_covered_display": "100", "missing_lines": 0, "excluded_lines": 0, "percent_statements_covered": 100.0, "percent_statements_covered_display": "100"}, "missing_lines": [], "excluded_lines": [], "start_line": 390}, "TemplateComparisonResponse": {"executed_lines": [], "summary": {"covered_lines": 0, "num_statements": 0, "percent_covered": 100.0, "percent_covered_display": "100", "missing_lines": 0, "excluded_lines": 0, "percent_statements_covered": 100.0, "percent_statements_covered_display": "100"}, "missing_lines": [], "excluded_lines": [], "start_line": 399}, "MultiHopQuestion": {"executed_lines": [], "summary": {"covered_lines": 0, "num_statements": 0, "percent_covered": 100.0, "percent_covered_display": "100", "missing_lines": 0, "excluded_lines": 0, "percent_statements_covered": 100.0, "percent_statements_covered_display": "100"}, "missing_lines": [], "excluded_lines": [], "start_line": 409}, "MultiHopRequest": {"executed_lines": [], "summary": {"covered_lines": 0, "num_statements": 0, "percent_covered": 100.0, "percent_covered_display": "100", "missing_lines": 0, "excluded_lines": 0, "percent_statements_covered": 100.0, "percent_statements_covered_display": "100"}, "missing_lines": [], "excluded_lines": [], "start_line": 416}, "MultiHopResponse": {"executed_lines": [], "summary": {"covered_lines": 0, "num_statements": 0, "percent_covered": 100.0, "percent_covered_display": "100", "missing_lines": 0, "excluded_lines": 0, "percent_statements_covered": 100.0, "percent_statements_covered_display": "100"}, "missing_lines": [], "excluded_lines": [], "start_line": 421}, "SimilarCandidate": {"executed_lines": [], "summary": {"covered_lines": 0, "num_statements": 0, "percent_covered": 100.0, "percent_covered_display": "100", "missing_lines": 0, "excluded_lines": 0, "percent_statements_covered": 100.0, "percent_statements_covered_display": "100"}, "missing_lines": [], "excluded_lines": [], "start_line": 427}, "SimilarCandidatesResponse": {"executed_lines": [], "summary": {"covered_lines": 0, "num_statements": 0, "percent_covered": 100.0, "percent_covered_display": "100", "missing_lines": 0, "excluded_lines": 0, "percent_statements_covered": 100.0, "percent_statements_covered_display": "100"}, "missing_lines": [], "excluded_lines": [], "start_line": 436}, "FeedbackRequest": {"executed_lines": [], "summary": {"covered_lines": 0, "num_statements": 0, "percent_covered": 100.0, "percent_covered_display": "100", "missing_lines": 0, "excluded_lines": 0, "percent_statements_covered": 100.0, "percent_statements_covered_display": "100"}, "missing_lines": [], "excluded_lines": [], "start_line": 444}, "FeedbackResponse": {"executed_lines": [], "summary": {"covered_lines": 0, "num_statements": 0, "percent_covered": 100.0, "percent_covered_display": "100", "missing_lines": 0, "excluded_lines": 0, "percent_statements_covered": 100.0, "percent_statements_covered_display": "100"}, "missing_lines": [], "excluded_lines": [], "start_line": 450}, "JobSummary": {"executed_lines": [], "summary": {"covered_lines": 0, "num_statements": 0, "percent_covered": 100.0, "percent_covered_display": "100", "missing_lines": 0, "excluded_lines": 0, "percent_statements_covered": 100.0, "percent_statements_covered_display": "100"}, "missing_lines": [], "excluded_lines": [], "start_line": 456}, "JobListResponse": {"executed_lines": [], "summary": {"covered_lines": 0, "num_statements": 0, "percent_covered": 100.0, "percent_covered_display": "100", "missing_lines": 0, "excluded_lines": 0, "percent_statements_covered": 100.0, "percent_statements_covered_display": "100"}, "missing_lines": [], "excluded_lines": [], "start_line": 466}, "PairDetailResponse": {"executed_lines": [], "summary": {"covered_lines": 0, "num_statements": 0, "percent_covered": 100.0, "percent_covered_display": "100", "missing_lines": 0, "excluded_lines": 0, "percent_statements_covered": 100.0, "percent_statements_covered_display": "100"}, "missing_lines": [], "excluded_lines": [], "start_line": 474}, "": {"executed_lines": [1, 3, 4, 5, 7, 15, 16, 17, 18, 19, 22, 23, 24, 25, 26, 27, 30, 31, 32, 33, 34, 35, 38, 39, 40, 41, 42, 43, 51, 52, 53, 54, 55, 56, 57, 59, 60, 61, 67, 68, 69, 77, 78, 79, 80, 81, 82, 84, 85, 86, 99, 100, 101, 108, 109, 110, 111, 112, 113, 114, 116, 117, 118, 130, 131, 132, 138, 139, 151, 152, 159, 160, 162, 163, 164, 176, 177, 178, 179, 180, 181, 183, 184, 185, 190, 191, 192, 197, 198, 199, 205, 206, 207, 208, 214, 217, 218, 226, 235, 236, 237, 239, 240, 241, 246, 247, 248, 254, 255, 256, 257, 258, 266, 267, 268, 269, 270, 271, 272, 273, 274, 277, 278, 279, 280, 281, 282, 283, 286, 287, 288, 289, 290, 291, 299, 300, 301, 302, 303, 304, 305, 306, 307, 308, 309, 310, 311, 312, 313, 314, 315, 316, 317, 320, 321, 322, 323, 324, 325, 326, 327, 328, 329, 331, 332, 333, 340, 341, 342, 343, 344, 345, 348, 349, 350, 351, 352, 353, 356, 357, 358, 359, 360, 361, 369, 370, 371, 374, 375, 376, 377, 378, 381, 382, 383, 384, 385, 386, 387, 390, 391, 392, 393, 394, 395, 396, 399, 400, 401, 402, 403, 404, 405, 406, 409, 410, 411, 412, 413, 416, 417, 418, 421, 422, 423, 424, 427, 428, 429, 430, 431, 432, 433, 436, 437, 438, 439, 440, 441, 444, 445, 446, 447, 450, 451, 452, 453, 456, 457, 458, 459, 460, 461, 462, 463, 466, 467, 468, 469, 470, 471, 474, 475, 476, 477, 478, 479, 480, 481], "summary": {"covered_lines": 269, "num_statements": 269, "percent_covered": 100.0, "percent_covered_display": "100", "missing_lines": 0, "excluded_lines": 0, "percent_statements_covered": 100.0, "percent_statements_covered_display": "100"}, "missing_lines": [], "excluded_lines": [], "start_line": 1}}}, "src/templates.py": {"executed_lines": [1, 3, 5, 18, 20, 49, 60, 63, 70, 87, 88, 89, 95, 101, 103, 113, 114, 115, 117, 134, 141, 143, 145], "summary": {"covered_lines": 23, "num_statements": 23, "percent_covered": 100.0, "percent_covered_display": "100", "missing_lines": 0, "excluded_lines": 0, "percent_statements_covered": 100.0, "percent_statements_covered_display": "100"}, "missing_lines": [], "excluded_lines": [], "functions": {"PromptTemplateLibrary.get_job_prompt": {"executed_lines": [70, 87, 88, 89, 95, 101], "summary": {"covered_lines": 6, "num_statements": 6, "percent_covered": 100.0, "percent_covered_display": "100", "missing_lines": 0, "excluded_lines": 0, "percent_statements_covered": 100.0, "percent_statements_covered_display": "100"}, "missing_lines": [], "excluded_lines": [], "start_line": 63}, "PromptTemplateLibrary.get_resume_prompt": {"executed_lines": [113, 114, 115, 117, 134, 141], "summary": {"covered_lines": 6, "num_statements": 6, "percent_covered": 100.0, "percent_covered_display": "100", "missing_lines": 0, "excluded_lines": 0, "percent_statements_covered": 100.0, "percent_statements_covered_display": "100"}, "missing_lines": [], "excluded_lines": [], "start_line": 103}, "PromptTemplateLibrary.get_template_id": {"executed_lines": [145], "summary": {"covered_lines": 1, "num_statements": 1, "percent_covered": 100.0, "percent_covered_display": "100", "missing_lines": 0, "excluded_lines": 0, "percent_statements_covered": 100.0, "percent_statements_covered_display": "100"}, "missing_lines": [], "excluded_lines": [], "start_line": 143}, "": {"executed_lines": [1, 3, 5, 18, 20, 49, 60, 63, 103, 143], "summary": {"covered_lines": 10, "num_statements": 10, "percent_covered": 100.0, "percent_covered_display": "100", "missing_lines": 0, "excluded_lines": 0, "percent_statements_covered": 100.0, "percent_statements_covered_display": "100"}, "missing_lines": [], "excluded_lines": [], "start_line": 1}}, "classes": {"PromptTemplateLibrary": {"executed_lines": [70, 87, 88, 89, 95, 101, 113, 114, 115, 117, 134, 141, 145], "summary": {"covered_lines": 13, "num_statements": 13, "percent_covered": 100.0, "percent_covered_display": "100", "missing_lines": 0, "excluded_lines": 0, "percent_statements_covered": 100.0, "percent_statements_covered_display": "100"}, "missing_lines": [], "excluded_lines": [], "start_line": 60}, "": {"executed_lines": [1, 3, 5, 18, 20, 49, 60, 63, 103, 143], "summary": {"covered_lines": 10, "num_statements": 10, "percent_covered": 100.0, "percent_covered_display": "100", "missing_lines": 0, "excluded_lines": 0, "percent_statements_covered": 100.0, "percent_statements_covered_display": "100"}, "missing_lines": [], "excluded_lines": [], "start_line": 1}}}, "src/validator.py": {"executed_lines": [1, 3, 4, 5, 6, 7, 8, 10, 12, 15, 16, 23, 24, 25, 27, 29, 31, 41, 48, 49, 50, 52, 54, 55, 56, 58, 75, 83, 85, 92, 93, 94, 96, 97, 99, 100, 101, 102, 104, 105, 111, 112, 113, 117, 118], "summary": {"covered_lines": 45, "num_statements": 45, "percent_covered": 100.0, "percent_covered_display": "100", "missing_lines": 0, "excluded_lines": 0, "percent_statements_covered": 100.0, "percent_statements_covered_display": "100"}, "missing_lines": [], "excluded_lines": [], "functions": {"ValidationTracker.record_success": {"executed_lines": [29], "summary": {"covered_lines": 1, "num_statements": 1, "percent_covered": 100.0, "percent_covered_display": "100", "missing_lines": 0, "excluded_lines": 0, "percent_statements_covered": 100.0, "percent_statements_covered_display": "100"}, "missing_lines": [], "excluded_lines": [], "start_line": 27}, "ValidationTracker.record_failure": {"executed_lines": [41, 48, 49, 50], "summary": {"covered_lines": 4, "num_statements": 4, "percent_covered": 100.0, "percent_covered_display": "100", "missing_lines": 0, "excluded_lines": 0, "percent_statements_covered": 100.0, "percent_statements_covered_display": "100"}, "missing_lines": [], "excluded_lines": [], "start_line": 31}, "ValidationTracker.get_stats": {"executed_lines": [54, 55, 56, 58], "summary": {"covered_lines": 4, "num_statements": 4, "percent_covered": 100.0, "percent_covered_display": "100", "missing_lines": 0, "excluded_lines": 0, "percent_statements_covered": 100.0, "percent_statements_covered_display": "100"}, "missing_lines": [], "excluded_lines": [], "start_line": 52}, "ValidationTracker.save_stats": {"executed_lines": [83, 85, 92, 93, 94], "summary": {"covered_lines": 5, "num_statements": 5, "percent_covered": 100.0, "percent_covered_display": "100", "missing_lines": 0, "excluded_lines": 0, "percent_statements_covered": 100.0, "percent_statements_covered_display": "100"}, "missing_lines": [], "excluded_lines": [], "start_line": 75}, "ValidationTracker.save_valid": {"executed_lines": [99, 100, 101, 102], "summary": {"covered_lines": 4, "num_statements": 4, "percent_covered": 100.0, "percent_covered_display": "100", "missing_lines": 0, "excluded_lines": 0, "percent_statements_covered": 100.0, "percent_statements_covered_display": "100"}, "missing_lines": [], "excluded_lines": [], "start_line": 97}, "ValidationTracker.save_invalid": {"executed_lines": [111, 112, 113, 117, 118], "summary": {"covered_lines": 5, "num_statements": 5, "percent_covered": 100.0, "percent_covered_display": "100", "missing_lines": 0, "excluded_lines": 0, "percent_statements_covered": 100.0, "percent_statements_covered_display": "100"}, "missing_lines": [], "excluded_lines": [], "start_line": 105}, "": {"executed_lines": [1, 3, 4, 5, 6, 7, 8, 10, 12, 15, 16, 23, 24, 25, 27, 31, 52, 75, 96, 97, 104, 105], "summary": {"covered_lines": 22, "num_statements": 22, "percent_covered": 100.0, "percent_covered_display": "100", "missing_lines": 0, "excluded_lines": 0, "percent_statements_covered": 100.0, "percent_statements_covered_display": "100"}, "missing_lines": [], "excluded_lines": [], "start_line": 1}}, "classes": {"ValidationTracker": {"executed_lines": [29, 41, 48, 49, 50, 54, 55, 56, 58, 83, 85, 92, 93, 94, 99, 100, 101, 102, 111, 112, 113, 117, 118], "summary": {"covered_lines": 23, "num_statements": 23, "percent_covered": 100.0, "percent_covered_display": "100", "missing_lines": 0, "excluded_lines": 0, "percent_statements_covered": 100.0, "percent_statements_covered_display": "100"}, "missing_lines": [], "excluded_lines": [], "start_line": 16}, "": {"executed_lines": [1, 3, 4, 5, 6, 7, 8, 10, 12, 15, 16, 23, 24, 25, 27, 31, 52, 75, 96, 97, 104, 105], "summary": {"covered_lines": 22, "num_statements": 22, "percent_covered": 100.0, "percent_covered_display": "100", "missing_lines": 0, "excluded_lines": 0, "percent_statements_covered": 100.0, "percent_statements_covered_display": "100"}, "missing_lines": [], "excluded_lines": [], "start_line": 1}}}, "src/vector_store.py": {"executed_lines": [1, 3, 4, 5, 7, 8, 10, 11, 13, 14, 21, 24, 32, 35, 37, 39, 48, 79, 153, 165, 166, 167, 168, 176], "summary": {"covered_lines": 24, "num_statements": 77, "percent_covered": 31.16883116883117, "percent_covered_display": "31", "missing_lines": 53, "excluded_lines": 0, "percent_statements_covered": 31.16883116883117, "percent_statements_covered_display": "31"}, "missing_lines": [40, 55, 57, 58, 60, 61, 62, 64, 65, 66, 68, 69, 71, 92, 93, 94, 95, 96, 99, 101, 102, 104, 105, 106, 107, 109, 110, 111, 112, 113, 114, 125, 126, 127, 130, 131, 134, 135, 136, 137, 139, 143, 144, 145, 192, 193, 195, 196, 198, 205, 206, 211, 221], "excluded_lines": [], "functions": {"_SentenceTransformerEF.__init__": {"executed_lines": [35, 37], "summary": {"covered_lines": 2, "num_statements": 2, "percent_covered": 100.0, "percent_covered_display": "100", "missing_lines": 0, "excluded_lines": 0, "percent_statements_covered": 100.0, "percent_statements_covered_display": "100"}, "missing_lines": [], "excluded_lines": [], "start_line": 32}, "_SentenceTransformerEF.__call__": {"executed_lines": [], "summary": {"covered_lines": 0, "num_statements": 1, "percent_covered": 0.0, "percent_covered_display": "0", "missing_lines": 1, "excluded_lines": 0, "percent_statements_covered": 0.0, "percent_statements_covered_display": "0"}, "missing_lines": [40], "excluded_lines": [], "start_line": 39}, "resume_to_text": {"executed_lines": [], "summary": {"covered_lines": 0, "num_statements": 12, "percent_covered": 0.0, "percent_covered_display": "0", "missing_lines": 12, "excluded_lines": 0, "percent_statements_covered": 0.0, "percent_statements_covered_display": "0"}, "missing_lines": [55, 57, 58, 60, 61, 62, 64, 65, 66, 68, 69, 71], "excluded_lines": [], "start_line": 48}, "build_resume_index": {"executed_lines": [], "summary": {"covered_lines": 0, "num_statements": 31, "percent_covered": 0.0, "percent_covered_display": "0", "missing_lines": 31, "excluded_lines": 0, "percent_statements_covered": 0.0, "percent_statements_covered_display": "0"}, "missing_lines": [92, 93, 94, 95, 96, 99, 101, 102, 104, 105, 106, 107, 109, 110, 111, 112, 113, 114, 125, 126, 127, 130, 131, 134, 135, 136, 137, 139, 143, 144, 145], "excluded_lines": [], "start_line": 79}, "get_collection": {"executed_lines": [165, 166, 167, 168], "summary": {"covered_lines": 4, "num_statements": 4, "percent_covered": 100.0, "percent_covered_display": "100", "missing_lines": 0, "excluded_lines": 0, "percent_statements_covered": 100.0, "percent_statements_covered_display": "100"}, "missing_lines": [], "excluded_lines": [], "start_line": 153}, "search_similar": {"executed_lines": [], "summary": {"covered_lines": 0, "num_statements": 9, "percent_covered": 0.0, "percent_covered_display": "0", "missing_lines": 9, "excluded_lines": 0, "percent_statements_covered": 0.0, "percent_statements_covered_display": "0"}, "missing_lines": [192, 193, 195, 196, 198, 205, 206, 211, 221], "excluded_lines": [], "start_line": 176}, "": {"executed_lines": [1, 3, 4, 5, 7, 8, 10, 11, 13, 14, 21, 24, 32, 39, 48, 79, 153, 176], "summary": {"covered_lines": 18, "num_statements": 18, "percent_covered": 100.0, "percent_covered_display": "100", "missing_lines": 0, "excluded_lines": 0, "percent_statements_covered": 100.0, "percent_statements_covered_display": "100"}, "missing_lines": [], "excluded_lines": [], "start_line": 1}}, "classes": {"_SentenceTransformerEF": {"executed_lines": [35, 37], "summary": {"covered_lines": 2, "num_statements": 3, "percent_covered": 66.66666666666667, "percent_covered_display": "67", "missing_lines": 1, "excluded_lines": 0, "percent_statements_covered": 66.66666666666667, "percent_statements_covered_display": "67"}, "missing_lines": [40], "excluded_lines": [], "start_line": 24}, "": {"executed_lines": [1, 3, 4, 5, 7, 8, 10, 11, 13, 14, 21, 24, 32, 39, 48, 79, 153, 165, 166, 167, 168, 176], "summary": {"covered_lines": 22, "num_statements": 74, "percent_covered": 29.72972972972973, "percent_covered_display": "30", "missing_lines": 52, "excluded_lines": 0, "percent_statements_covered": 29.72972972972973, "percent_statements_covered_display": "30"}, "missing_lines": [55, 57, 58, 60, 61, 62, 64, 65, 66, 68, 69, 71, 92, 93, 94, 95, 96, 99, 101, 102, 104, 105, 106, 107, 109, 110, 111, 112, 113, 114, 125, 126, 127, 130, 131, 134, 135, 136, 137, 139, 143, 144, 145, 192, 193, 195, 196, 198, 205, 206, 211, 221], "excluded_lines": [], "start_line": 1}}}}, "totals": {"covered_lines": 1793, "num_statements": 1947, "percent_covered": 92.090395480226, "percent_covered_display": "92", "missing_lines": 154, "excluded_lines": 99, "percent_statements_covered": 92.090395480226, "percent_statements_covered_display": "92"}}