{"meta": {"format": 3, "version": "7.13.4", "timestamp": "2026-02-20T13:10:46.625071", "branch_coverage": false, "show_contexts": false}, "files": {"src/__init__.py": {"executed_lines": [], "summary": {"covered_lines": 0, "num_statements": 0, "percent_covered": 100.0, "percent_covered_display": "100", "missing_lines": 0, "excluded_lines": 0, "percent_statements_covered": 100.0, "percent_statements_covered_display": "100"}, "missing_lines": [], "excluded_lines": [], "functions": {"": {"executed_lines": [], "summary": {"covered_lines": 0, "num_statements": 0, "percent_covered": 100.0, "percent_covered_display": "100", "missing_lines": 0, "excluded_lines": 0, "percent_statements_covered": 100.0, "percent_statements_covered_display": "100"}, "missing_lines": [], "excluded_lines": [], "start_line": 1}}, "classes": {"": {"executed_lines": [], "summary": {"covered_lines": 0, "num_statements": 0, "percent_covered": 100.0, "percent_covered_display": "100", "missing_lines": 0, "excluded_lines": 0, "percent_statements_covered": 100.0, "percent_statements_covered_display": "100"}, "missing_lines": [], "excluded_lines": [], "start_line": 1}}}, "src/baseline_analysis.py": {"executed_lines": [1, 3, 4, 6, 7, 8, 10, 11, 21, 23, 24, 26, 29, 43, 45, 46, 49, 50, 51, 52, 53, 54, 55, 58, 59, 60, 61, 62, 63, 64, 69, 70, 73, 75, 76, 79, 99, 100, 106, 107, 110, 128, 130, 132, 137, 139, 140, 141, 143, 144, 145, 147, 148, 152, 153, 154, 155, 156, 157, 161, 162, 164, 165, 168, 188, 199, 200, 201, 205, 208, 209, 210, 211, 214, 215, 218, 219, 220, 221, 222, 223, 224, 225, 226, 227, 228, 231, 232, 235, 236, 239, 262, 263, 264, 266, 267, 270, 273, 276, 279, 282, 285, 290, 291, 292, 293, 294, 297, 298, 301, 302, 303, 304, 305, 306, 307, 308, 309, 310, 311, 313], "summary": {"covered_lines": 121, "num_statements": 123, "percent_covered": 98.3739837398374, "percent_covered_display": "98", "missing_lines": 2, "excluded_lines": 5, "percent_statements_covered": 98.3739837398374, "percent_statements_covered_display": "98"}, "missing_lines": [202, 203], "excluded_lines": [316, 317, 318, 319, 320], "functions": {"generate_all_baseline_embeddings": {"executed_lines": [43, 45, 46, 49, 50, 51, 52, 53, 54, 55, 58, 59, 60, 61, 62, 63, 64, 69, 70], "summary": {"covered_lines": 19, "num_statements": 19, "percent_covered": 100.0, "percent_covered_display": "100", "missing_lines": 0, "excluded_lines": 0, "percent_statements_covered": 100.0, "percent_statements_covered_display": "100"}, "missing_lines": [], "excluded_lines": [], "start_line": 29}, "load_embeddings": {"executed_lines": [75, 76], "summary": {"covered_lines": 2, "num_statements": 2, "percent_covered": 100.0, "percent_covered_display": "100", "missing_lines": 0, "excluded_lines": 0, "percent_statements_covered": 100.0, "percent_statements_covered_display": "100"}, "missing_lines": [], "excluded_lines": [], "start_line": 73}, "run_umap_projection": {"executed_lines": [99, 100, 106, 107], "summary": {"covered_lines": 4, "num_statements": 4, "percent_covered": 100.0, "percent_covered_display": "100", "missing_lines": 0, "excluded_lines": 0, "percent_statements_covered": 100.0, "percent_statements_covered_display": "100"}, "missing_lines": [], "excluded_lines": [], "start_line": 79}, "run_hdbscan_clustering": {"executed_lines": [128, 130, 132, 137, 139, 140, 141, 143, 144, 145, 147, 148, 152, 153, 154, 155, 156, 157, 161, 162, 164, 165], "summary": {"covered_lines": 22, "num_statements": 22, "percent_covered": 100.0, "percent_covered_display": "100", "missing_lines": 0, "excluded_lines": 0, "percent_statements_covered": 100.0, "percent_statements_covered_display": "100"}, "missing_lines": [], "excluded_lines": [], "start_line": 110}, "run_full_baseline": {"executed_lines": [188, 199, 200, 201, 205, 208, 209, 210, 211, 214, 215, 218, 219, 220, 221, 222, 223, 224, 225, 226, 227, 228, 231, 232, 235, 236, 239, 262, 263, 264, 266, 267, 270, 273, 276, 279, 282, 285, 290, 291, 292, 293, 294, 297, 298, 301, 302, 303, 304, 305, 306, 307, 308, 309, 310, 311, 313], "summary": {"covered_lines": 57, "num_statements": 59, "percent_covered": 96.61016949152543, "percent_covered_display": "97", "missing_lines": 2, "excluded_lines": 0, "percent_statements_covered": 96.61016949152543, "percent_statements_covered_display": "97"}, "missing_lines": [202, 203], "excluded_lines": [], "start_line": 168}, "": {"executed_lines": [1, 3, 4, 6, 7, 8, 10, 11, 21, 23, 24, 26, 29, 73, 79, 110, 168], "summary": {"covered_lines": 17, "num_statements": 17, "percent_covered": 100.0, "percent_covered_display": "100", "missing_lines": 0, "excluded_lines": 5, "percent_statements_covered": 100.0, "percent_statements_covered_display": "100"}, "missing_lines": [], "excluded_lines": [316, 317, 318, 319, 320], "start_line": 1}}, "classes": {"": {"executed_lines": [1, 3, 4, 6, 7, 8, 10, 11, 21, 23, 24, 26, 29, 43, 45, 46, 49, 50, 51, 52, 53, 54, 55, 58, 59, 60, 61, 62, 63, 64, 69, 70, 73, 75, 76, 79, 99, 100, 106, 107, 110, 128, 130, 132, 137, 139, 140, 141, 143, 144, 145, 147, 148, 152, 153, 154, 155, 156, 157, 161, 162, 164, 165, 168, 188, 199, 200, 201, 205, 208, 209, 210, 211, 214, 215, 218, 219, 220, 221, 222, 223, 224, 225, 226, 227, 228, 231, 232, 235, 236, 239, 262, 263, 264, 266, 267, 270, 273, 276, 279, 282, 285, 290, 291, 292, 293, 294, 297, 298, 301, 302, 303, 304, 305, 306, 307, 308, 309, 310, 311, 313], "summary": {"covered_lines": 121, "num_statements": 123, "percent_covered": 98.3739837398374, "percent_covered_display": "98", "missing_lines": 2, "excluded_lines": 5, "percent_statements_covered": 98.3739837398374, "percent_statements_covered_display": "98"}, "missing_lines": [202, 203], "excluded_lines": [316, 317, 318, 319, 320], "start_line": 1}}}, "src/cli.py": {"executed_lines": [3, 5, 7, 8, 9, 11, 12, 13, 15, 18, 19, 22, 23, 25, 28, 29, 35, 41, 44, 45, 47, 48, 49, 52, 53, 54, 56, 57, 58, 59, 60, 62, 64, 66, 68, 69, 71, 72, 73, 75, 76, 77, 78, 80, 81, 82, 83, 85, 88, 89, 95, 98, 99, 101, 104, 107, 110, 113, 114, 120, 130, 132, 136, 138, 139, 140, 141, 144, 145, 153, 155, 157, 159, 160, 161, 162, 163, 164, 167], "summary": {"covered_lines": 79, "num_statements": 80, "percent_covered": 98.75, "percent_covered_display": "99", "missing_lines": 1, "excluded_lines": 0, "percent_statements_covered": 98.75, "percent_statements_covered_display": "99"}, "missing_lines": [168], "excluded_lines": [], "functions": {"cli": {"executed_lines": [25], "summary": {"covered_lines": 1, "num_statements": 1, "percent_covered": 100.0, "percent_covered_display": "100", "missing_lines": 0, "excluded_lines": 0, "percent_statements_covered": 100.0, "percent_statements_covered_display": "100"}, "missing_lines": [], "excluded_lines": [], "start_line": 23}, "train": {"executed_lines": [41, 44, 45, 47, 48, 49, 52, 53, 54, 56, 57, 58, 59, 60, 62, 64, 66, 68, 69, 71, 72, 73, 75, 76, 77, 78, 80, 81, 82, 83, 85], "summary": {"covered_lines": 31, "num_statements": 31, "percent_covered": 100.0, "percent_covered_display": "100", "missing_lines": 0, "excluded_lines": 0, "percent_statements_covered": 100.0, "percent_statements_covered_display": "100"}, "missing_lines": [], "excluded_lines": [], "start_line": 35}, "baseline": {"executed_lines": [95, 98, 99, 101, 104, 107, 110], "summary": {"covered_lines": 7, "num_statements": 7, "percent_covered": 100.0, "percent_covered_display": "100", "missing_lines": 0, "excluded_lines": 0, "percent_statements_covered": 100.0, "percent_statements_covered_display": "100"}, "missing_lines": [], "excluded_lines": [], "start_line": 89}, "evaluate": {"executed_lines": [130, 132, 136, 138, 139, 140, 141], "summary": {"covered_lines": 7, "num_statements": 7, "percent_covered": 100.0, "percent_covered_display": "100", "missing_lines": 0, "excluded_lines": 0, "percent_statements_covered": 100.0, "percent_statements_covered_display": "100"}, "missing_lines": [], "excluded_lines": [], "start_line": 120}, "compare": {"executed_lines": [153, 155, 157, 159, 160, 161, 162, 163, 164], "summary": {"covered_lines": 9, "num_statements": 9, "percent_covered": 100.0, "percent_covered_display": "100", "missing_lines": 0, "excluded_lines": 0, "percent_statements_covered": 100.0, "percent_statements_covered_display": "100"}, "missing_lines": [], "excluded_lines": [], "start_line": 145}, "": {"executed_lines": [3, 5, 7, 8, 9, 11, 12, 13, 15, 18, 19, 22, 23, 28, 29, 35, 88, 89, 113, 114, 120, 144, 145, 167], "summary": {"covered_lines": 24, "num_statements": 25, "percent_covered": 96.0, "percent_covered_display": "96", "missing_lines": 1, "excluded_lines": 0, "percent_statements_covered": 96.0, "percent_statements_covered_display": "96"}, "missing_lines": [168], "excluded_lines": [], "start_line": 1}}, "classes": {"": {"executed_lines": [3, 5, 7, 8, 9, 11, 12, 13, 15, 18, 19, 22, 23, 25, 28, 29, 35, 41, 44, 45, 47, 48, 49, 52, 53, 54, 56, 57, 58, 59, 60, 62, 64, 66, 68, 69, 71, 72, 73, 75, 76, 77, 78, 80, 81, 82, 83, 85, 88, 89, 95, 98, 99, 101, 104, 107, 110, 113, 114, 120, 130, 132, 136, 138, 139, 140, 141, 144, 145, 153, 155, 157, 159, 160, 161, 162, 163, 164, 167], "summary": {"covered_lines": 79, "num_statements": 80, "percent_covered": 98.75, "percent_covered_display": "99", "missing_lines": 1, "excluded_lines": 0, "percent_statements_covered": 98.75, "percent_statements_covered_display": "99"}, "missing_lines": [168], "excluded_lines": [], "start_line": 1}}}, "src/comparison.py": {"executed_lines": [1, 3, 4, 6, 7, 8, 9, 11, 12, 15, 16, 17, 20, 47, 50, 51, 52, 55, 56, 57, 58, 60, 61, 62, 64, 65, 66, 67, 68, 71, 72, 73, 74, 76, 77, 78, 80, 81, 82, 83, 84, 86, 87, 88, 90, 93, 120, 124, 125, 126, 127, 130, 131, 132, 142, 143, 144, 145, 148, 149, 150, 160, 161, 162, 163, 166, 167, 168, 178, 179, 180, 181, 184, 186, 187, 188, 190, 193, 213, 215, 216, 217, 219, 222, 223, 224, 234, 235, 236, 237, 239, 240, 241, 243, 246, 273, 276, 277, 279, 280, 282, 283, 286, 293, 300, 309, 311, 312, 313, 314, 315, 317, 318, 319, 321, 324, 346, 347, 348, 351, 354, 355, 356, 361, 364, 366, 368, 371, 373, 374, 375, 377, 378, 379, 381, 384, 404, 406, 407, 410, 411, 412, 413, 414, 416, 418, 420, 423, 424, 425, 435, 436, 437, 438, 439, 440, 442, 443, 444, 446, 449, 469, 472, 473, 479, 485, 493, 494, 496, 497, 498, 500, 501, 502, 503, 504, 505, 506, 508, 509, 510, 512, 515, 535, 538, 541, 542, 543, 546, 547, 549, 550, 551, 553, 554, 555, 556, 557, 558, 560, 561, 562, 564, 567, 587, 588, 589, 592, 595, 606, 607, 608, 609, 612, 613, 614, 619, 625, 626, 627, 629, 630, 631, 636, 648, 649, 651, 654, 672, 673, 675, 678, 689, 700, 708, 719, 727, 735, 743, 750, 753, 772, 775, 776, 781, 784, 786, 797, 920], "summary": {"covered_lines": 249, "num_statements": 349, "percent_covered": 71.34670487106017, "percent_covered_display": "71", "missing_lines": 100, "excluded_lines": 2, "percent_statements_covered": 71.34670487106017, "percent_statements_covered_display": "71"}, "missing_lines": [616, 617, 633, 634, 778, 817, 818, 820, 822, 823, 824, 825, 828, 831, 834, 839, 840, 841, 842, 843, 844, 847, 848, 849, 850, 852, 853, 854, 856, 859, 860, 870, 871, 872, 873, 874, 882, 916, 917, 936, 938, 941, 942, 943, 945, 946, 947, 948, 949, 951, 952, 953, 954, 955, 957, 958, 959, 962, 963, 964, 968, 970, 971, 972, 973, 974, 975, 977, 978, 979, 980, 981, 982, 984, 985, 986, 987, 988, 989, 992, 993, 994, 997, 998, 1001, 1002, 1005, 1006, 1009, 1012, 1013, 1014, 1015, 1016, 1019, 1020, 1022, 1023, 1024, 1025], "excluded_lines": [1028, 1029], "functions": {"plot_comparison_cosine_distributions": {"executed_lines": [47, 50, 51, 52, 55, 56, 57, 58, 60, 61, 62, 64, 65, 66, 67, 68, 71, 72, 73, 74, 76, 77, 78, 80, 81, 82, 83, 84, 86, 87, 88, 90], "summary": {"covered_lines": 32, "num_statements": 32, "percent_covered": 100.0, "percent_covered_display": "100", "missing_lines": 0, "excluded_lines": 0, "percent_statements_covered": 100.0, "percent_statements_covered_display": "100"}, "missing_lines": [], "excluded_lines": [], "start_line": 20}, "plot_comparison_umap": {"executed_lines": [120, 124, 130, 131, 132, 142, 143, 144, 145, 148, 149, 150, 160, 161, 162, 163, 166, 167, 168, 178, 179, 180, 181, 184, 186, 187, 188, 190], "summary": {"covered_lines": 28, "num_statements": 28, "percent_covered": 100.0, "percent_covered_display": "100", "missing_lines": 0, "excluded_lines": 0, "percent_statements_covered": 100.0, "percent_statements_covered_display": "100"}, "missing_lines": [], "excluded_lines": [], "start_line": 93}, "plot_comparison_umap.average_pair_projections": {"executed_lines": [125, 126, 127], "summary": {"covered_lines": 3, "num_statements": 3, "percent_covered": 100.0, "percent_covered_display": "100", "missing_lines": 0, "excluded_lines": 0, "percent_statements_covered": 100.0, "percent_statements_covered_display": "100"}, "missing_lines": [], "excluded_lines": [], "start_line": 124}, "plot_comparison_cluster_purity": {"executed_lines": [213, 215, 216, 217, 219, 222, 223, 224, 234, 235, 236, 237, 239, 240, 241, 243], "summary": {"covered_lines": 16, "num_statements": 16, "percent_covered": 100.0, "percent_covered_display": "100", "missing_lines": 0, "excluded_lines": 0, "percent_statements_covered": 100.0, "percent_statements_covered_display": "100"}, "missing_lines": [], "excluded_lines": [], "start_line": 193}, "plot_comparison_roc_curves": {"executed_lines": [273, 276, 277, 279, 280, 282, 283, 286, 293, 300, 309, 311, 312, 313, 314, 315, 317, 318, 319, 321], "summary": {"covered_lines": 20, "num_statements": 20, "percent_covered": 100.0, "percent_covered_display": "100", "missing_lines": 0, "excluded_lines": 0, "percent_statements_covered": 100.0, "percent_statements_covered_display": "100"}, "missing_lines": [], "excluded_lines": [], "start_line": 246}, "plot_comparison_category_heatmap": {"executed_lines": [346, 347, 348, 351, 354, 355, 356, 361, 364, 366, 368, 371, 373, 374, 375, 377, 378, 379, 381], "summary": {"covered_lines": 19, "num_statements": 19, "percent_covered": 100.0, "percent_covered_display": "100", "missing_lines": 0, "excluded_lines": 0, "percent_statements_covered": 100.0, "percent_statements_covered_display": "100"}, "missing_lines": [], "excluded_lines": [], "start_line": 324}, "plot_comparison_cohens_d": {"executed_lines": [404, 406, 407, 410, 418, 420, 423, 424, 425, 435, 436, 437, 438, 439, 440, 442, 443, 444, 446], "summary": {"covered_lines": 19, "num_statements": 19, "percent_covered": 100.0, "percent_covered_display": "100", "missing_lines": 0, "excluded_lines": 0, "percent_statements_covered": 100.0, "percent_statements_covered_display": "100"}, "missing_lines": [], "excluded_lines": [], "start_line": 384}, "plot_comparison_cohens_d.get_color": {"executed_lines": [411, 412, 413, 414, 416], "summary": {"covered_lines": 5, "num_statements": 5, "percent_covered": 100.0, "percent_covered_display": "100", "missing_lines": 0, "excluded_lines": 0, "percent_statements_covered": 100.0, "percent_statements_covered_display": "100"}, "missing_lines": [], "excluded_lines": [], "start_line": 410}, "plot_comparison_classification_metrics": {"executed_lines": [469, 472, 473, 479, 485, 493, 494, 496, 497, 498, 500, 501, 502, 503, 504, 505, 506, 508, 509, 510, 512], "summary": {"covered_lines": 21, "num_statements": 21, "percent_covered": 100.0, "percent_covered_display": "100", "missing_lines": 0, "excluded_lines": 0, "percent_statements_covered": 100.0, "percent_statements_covered_display": "100"}, "missing_lines": [], "excluded_lines": [], "start_line": 449}, "plot_comparison_false_positives": {"executed_lines": [535, 538, 541, 542, 543, 546, 547, 549, 550, 551, 553, 554, 555, 556, 557, 558, 560, 561, 562, 564], "summary": {"covered_lines": 20, "num_statements": 20, "percent_covered": 100.0, "percent_covered_display": "100", "missing_lines": 0, "excluded_lines": 0, "percent_statements_covered": 100.0, "percent_statements_covered_display": "100"}, "missing_lines": [], "excluded_lines": [], "start_line": 515}, "write_false_positive_analysis": {"executed_lines": [587, 588, 589, 592, 595, 606, 607, 608, 609, 612, 613, 614, 619, 625, 626, 627, 629, 630, 631, 636, 648, 649, 651], "summary": {"covered_lines": 23, "num_statements": 27, "percent_covered": 85.18518518518519, "percent_covered_display": "85", "missing_lines": 4, "excluded_lines": 0, "percent_statements_covered": 85.18518518518519, "percent_statements_covered_display": "85"}, "missing_lines": [616, 617, 633, 634], "excluded_lines": [], "start_line": 567}, "generate_all_comparison_charts": {"executed_lines": [672, 673, 675, 678, 689, 700, 708, 719, 727, 735, 743, 750], "summary": {"covered_lines": 12, "num_statements": 12, "percent_covered": 100.0, "percent_covered_display": "100", "missing_lines": 0, "excluded_lines": 0, "percent_statements_covered": 100.0, "percent_statements_covered_display": "100"}, "missing_lines": [], "excluded_lines": [], "start_line": 654}, "build_comparison_result": {"executed_lines": [772, 775, 776, 781, 784, 786], "summary": {"covered_lines": 6, "num_statements": 7, "percent_covered": 85.71428571428571, "percent_covered_display": "86", "missing_lines": 1, "excluded_lines": 0, "percent_statements_covered": 85.71428571428571, "percent_statements_covered_display": "86"}, "missing_lines": [778], "excluded_lines": [], "start_line": 753}, "generate_comparison_report_html": {"executed_lines": [], "summary": {"covered_lines": 0, "num_statements": 30, "percent_covered": 0.0, "percent_covered_display": "0", "missing_lines": 30, "excluded_lines": 0, "percent_statements_covered": 0.0, "percent_statements_covered_display": "0"}, "missing_lines": [817, 818, 820, 828, 831, 834, 839, 840, 841, 842, 843, 844, 847, 848, 849, 850, 852, 853, 854, 856, 859, 860, 870, 871, 872, 873, 874, 882, 916, 917], "excluded_lines": [], "start_line": 797}, "generate_comparison_report_html._embed_png": {"executed_lines": [], "summary": {"covered_lines": 0, "num_statements": 4, "percent_covered": 0.0, "percent_covered_display": "0", "missing_lines": 4, "excluded_lines": 0, "percent_statements_covered": 0.0, "percent_statements_covered_display": "0"}, "missing_lines": [822, 823, 824, 825], "excluded_lines": [], "start_line": 820}, "run_comparison": {"executed_lines": [], "summary": {"covered_lines": 0, "num_statements": 61, "percent_covered": 0.0, "percent_covered_display": "0", "missing_lines": 61, "excluded_lines": 0, "percent_statements_covered": 0.0, "percent_statements_covered_display": "0"}, "missing_lines": [936, 938, 941, 942, 943, 945, 946, 947, 948, 949, 951, 952, 953, 954, 955, 957, 958, 959, 962, 963, 964, 968, 970, 971, 972, 973, 974, 975, 977, 978, 979, 980, 981, 982, 984, 985, 986, 987, 988, 989, 992, 993, 994, 997, 998, 1001, 1002, 1005, 1006, 1009, 1012, 1013, 1014, 1015, 1016, 1019, 1020, 1022, 1023, 1024, 1025], "excluded_lines": [], "start_line": 920}, "": {"executed_lines": [1, 3, 4, 6, 7, 8, 9, 11, 12, 15, 16, 17, 20, 93, 193, 246, 324, 384, 449, 515, 567, 654, 753, 797, 920], "summary": {"covered_lines": 25, "num_statements": 25, "percent_covered": 100.0, "percent_covered_display": "100", "missing_lines": 0, "excluded_lines": 2, "percent_statements_covered": 100.0, "percent_statements_covered_display": "100"}, "missing_lines": [], "excluded_lines": [1028, 1029], "start_line": 1}}, "classes": {"": {"executed_lines": [1, 3, 4, 6, 7, 8, 9, 11, 12, 15, 16, 17, 20, 47, 50, 51, 52, 55, 56, 57, 58, 60, 61, 62, 64, 65, 66, 67, 68, 71, 72, 73, 74, 76, 77, 78, 80, 81, 82, 83, 84, 86, 87, 88, 90, 93, 120, 124, 125, 126, 127, 130, 131, 132, 142, 143, 144, 145, 148, 149, 150, 160, 161, 162, 163, 166, 167, 168, 178, 179, 180, 181, 184, 186, 187, 188, 190, 193, 213, 215, 216, 217, 219, 222, 223, 224, 234, 235, 236, 237, 239, 240, 241, 243, 246, 273, 276, 277, 279, 280, 282, 283, 286, 293, 300, 309, 311, 312, 313, 314, 315, 317, 318, 319, 321, 324, 346, 347, 348, 351, 354, 355, 356, 361, 364, 366, 368, 371, 373, 374, 375, 377, 378, 379, 381, 384, 404, 406, 407, 410, 411, 412, 413, 414, 416, 418, 420, 423, 424, 425, 435, 436, 437, 438, 439, 440, 442, 443, 444, 446, 449, 469, 472, 473, 479, 485, 493, 494, 496, 497, 498, 500, 501, 502, 503, 504, 505, 506, 508, 509, 510, 512, 515, 535, 538, 541, 542, 543, 546, 547, 549, 550, 551, 553, 554, 555, 556, 557, 558, 560, 561, 562, 564, 567, 587, 588, 589, 592, 595, 606, 607, 608, 609, 612, 613, 614, 619, 625, 626, 627, 629, 630, 631, 636, 648, 649, 651, 654, 672, 673, 675, 678, 689, 700, 708, 719, 727, 735, 743, 750, 753, 772, 775, 776, 781, 784, 786, 797, 920], "summary": {"covered_lines": 249, "num_statements": 349, "percent_covered": 71.34670487106017, "percent_covered_display": "71", "missing_lines": 100, "excluded_lines": 2, "percent_statements_covered": 71.34670487106017, "percent_statements_covered_display": "71"}, "missing_lines": [616, 617, 633, 634, 778, 817, 818, 820, 822, 823, 824, 825, 828, 831, 834, 839, 840, 841, 842, 843, 844, 847, 848, 849, 850, 852, 853, 854, 856, 859, 860, 870, 871, 872, 873, 874, 882, 916, 917, 936, 938, 941, 942, 943, 945, 946, 947, 948, 949, 951, 952, 953, 954, 955, 957, 958, 959, 962, 963, 964, 968, 970, 971, 972, 973, 974, 975, 977, 978, 979, 980, 981, 982, 984, 985, 986, 987, 988, 989, 992, 993, 994, 997, 998, 1001, 1002, 1005, 1006, 1009, 1012, 1013, 1014, 1015, 1016, 1019, 1020, 1022, 1023, 1024, 1025], "excluded_lines": [1028, 1029], "start_line": 1}}}, "src/data_evaluator.py": {"executed_lines": [1, 3, 4, 5, 6, 7, 9, 10, 11, 13, 15, 18, 27, 28, 29, 30, 31, 32, 34, 36, 37, 38, 39, 41, 58, 70, 71, 72, 78, 79, 85, 90, 92, 97, 99, 105, 106, 108, 115, 116, 117, 118, 119, 120, 121, 122, 124, 127, 128, 129, 135, 141, 142, 148, 153, 160, 165, 166, 167, 168, 169, 171, 178, 179, 180, 181, 182, 184, 185, 186, 188, 195, 196, 197, 198, 199, 200, 202, 209, 210, 211, 212, 213, 214, 216, 219, 225, 226, 232, 237, 244, 245, 247, 248, 251, 258, 261, 262, 263, 264, 266, 268, 269, 271, 272, 274, 280, 283, 284, 286, 288, 295, 299, 301, 302, 304, 305, 306, 307, 311, 318, 319, 320, 322, 323, 324, 325, 327, 329, 330, 332, 333, 334, 340, 341, 347, 352, 359, 360, 361, 362, 363, 364, 365, 366, 367, 368, 369, 370, 372, 380, 381, 382, 384, 385, 386, 387, 389, 392, 393, 394, 396, 397, 398, 399, 400, 402, 405, 407, 414, 415, 416, 417, 418, 419, 421, 422, 424, 427, 429, 430, 431, 432, 433, 434, 435, 437, 440, 442, 449, 450, 451, 452, 454, 457, 458, 459, 461, 468, 469, 470, 471, 473, 476, 477, 478, 484, 486, 488, 489, 491, 492, 507, 508, 509, 510, 511, 512, 514, 516, 517, 518, 519, 520, 521, 523, 524, 525, 526, 527, 533, 535, 536], "summary": {"covered_lines": 233, "num_statements": 243, "percent_covered": 95.88477366255144, "percent_covered_display": "96", "missing_lines": 10, "excluded_lines": 0, "percent_statements_covered": 95.88477366255144, "percent_statements_covered_display": "96"}, "missing_lines": [259, 281, 285, 309, 331, 390, 420, 425, 455, 474], "excluded_lines": [], "functions": {"SyntheticDataEvaluator.__init__": {"executed_lines": [28, 29, 30, 31, 32], "summary": {"covered_lines": 5, "num_statements": 5, "percent_covered": 100.0, "percent_covered_display": "100", "missing_lines": 0, "excluded_lines": 0, "percent_statements_covered": 100.0, "percent_statements_covered_display": "100"}, "missing_lines": [], "excluded_lines": [], "start_line": 27}, "SyntheticDataEvaluator.evaluate": {"executed_lines": [36, 37, 38, 39, 41, 58, 70, 71, 72], "summary": {"covered_lines": 9, "num_statements": 9, "percent_covered": 100.0, "percent_covered_display": "100", "missing_lines": 0, "excluded_lines": 0, "percent_statements_covered": 100.0, "percent_statements_covered_display": "100"}, "missing_lines": [], "excluded_lines": [], "start_line": 34}, "SyntheticDataEvaluator._evaluate_data_quality": {"executed_lines": [79, 85], "summary": {"covered_lines": 2, "num_statements": 2, "percent_covered": 100.0, "percent_covered_display": "100", "missing_lines": 0, "excluded_lines": 0, "percent_statements_covered": 100.0, "percent_statements_covered_display": "100"}, "missing_lines": [], "excluded_lines": [], "start_line": 78}, "SyntheticDataEvaluator._score_completeness": {"executed_lines": [92, 97], "summary": {"covered_lines": 2, "num_statements": 2, "percent_covered": 100.0, "percent_covered_display": "100", "missing_lines": 0, "excluded_lines": 0, "percent_statements_covered": 100.0, "percent_statements_covered_display": "100"}, "missing_lines": [], "excluded_lines": [], "start_line": 90}, "SyntheticDataEvaluator._score_consistency": {"executed_lines": [105, 106], "summary": {"covered_lines": 2, "num_statements": 2, "percent_covered": 100.0, "percent_covered_display": "100", "missing_lines": 0, "excluded_lines": 0, "percent_statements_covered": 100.0, "percent_statements_covered_display": "100"}, "missing_lines": [], "excluded_lines": [], "start_line": 99}, "SyntheticDataEvaluator._score_duplicates": {"executed_lines": [115, 116, 117, 118, 119, 120, 121, 122], "summary": {"covered_lines": 8, "num_statements": 8, "percent_covered": 100.0, "percent_covered_display": "100", "missing_lines": 0, "excluded_lines": 0, "percent_statements_covered": 100.0, "percent_statements_covered_display": "100"}, "missing_lines": [], "excluded_lines": [], "start_line": 108}, "SyntheticDataEvaluator._score_format": {"executed_lines": [127, 128, 129, 135], "summary": {"covered_lines": 4, "num_statements": 4, "percent_covered": 100.0, "percent_covered_display": "100", "missing_lines": 0, "excluded_lines": 0, "percent_statements_covered": 100.0, "percent_statements_covered_display": "100"}, "missing_lines": [], "excluded_lines": [], "start_line": 124}, "SyntheticDataEvaluator._evaluate_diversity": {"executed_lines": [142, 148], "summary": {"covered_lines": 2, "num_statements": 2, "percent_covered": 100.0, "percent_covered_display": "100", "missing_lines": 0, "excluded_lines": 0, "percent_statements_covered": 100.0, "percent_statements_covered_display": "100"}, "missing_lines": [], "excluded_lines": [], "start_line": 141}, "SyntheticDataEvaluator._score_vocabulary_richness": {"executed_lines": [160, 165, 166, 167, 168, 169], "summary": {"covered_lines": 6, "num_statements": 6, "percent_covered": 100.0, "percent_covered_display": "100", "missing_lines": 0, "excluded_lines": 0, "percent_statements_covered": 100.0, "percent_statements_covered_display": "100"}, "missing_lines": [], "excluded_lines": [], "start_line": 153}, "SyntheticDataEvaluator._score_category_entropy": {"executed_lines": [178, 179, 180, 181, 182, 184, 185, 186], "summary": {"covered_lines": 8, "num_statements": 8, "percent_covered": 100.0, "percent_covered_display": "100", "missing_lines": 0, "excluded_lines": 0, "percent_statements_covered": 100.0, "percent_statements_covered_display": "100"}, "missing_lines": [], "excluded_lines": [], "start_line": 171}, "SyntheticDataEvaluator._score_label_balance": {"executed_lines": [195, 196, 197, 198, 199, 200], "summary": {"covered_lines": 6, "num_statements": 6, "percent_covered": 100.0, "percent_covered_display": "100", "missing_lines": 0, "excluded_lines": 0, "percent_statements_covered": 100.0, "percent_statements_covered_display": "100"}, "missing_lines": [], "excluded_lines": [], "start_line": 188}, "SyntheticDataEvaluator._score_text_complexity": {"executed_lines": [209, 210, 211, 212, 213, 214, 216, 219], "summary": {"covered_lines": 8, "num_statements": 8, "percent_covered": 100.0, "percent_covered_display": "100", "missing_lines": 0, "excluded_lines": 0, "percent_statements_covered": 100.0, "percent_statements_covered_display": "100"}, "missing_lines": [], "excluded_lines": [], "start_line": 202}, "SyntheticDataEvaluator._evaluate_bias": {"executed_lines": [226, 232], "summary": {"covered_lines": 2, "num_statements": 2, "percent_covered": 100.0, "percent_covered_display": "100", "missing_lines": 0, "excluded_lines": 0, "percent_statements_covered": 100.0, "percent_statements_covered_display": "100"}, "missing_lines": [], "excluded_lines": [], "start_line": 225}, "SyntheticDataEvaluator._score_gender_bias": {"executed_lines": [244, 245, 247, 248, 251, 258, 261, 262, 263, 264], "summary": {"covered_lines": 10, "num_statements": 11, "percent_covered": 90.9090909090909, "percent_covered_display": "91", "missing_lines": 1, "excluded_lines": 0, "percent_statements_covered": 90.9090909090909, "percent_statements_covered_display": "91"}, "missing_lines": [259], "excluded_lines": [], "start_line": 237}, "SyntheticDataEvaluator._score_category_label_correlation": {"executed_lines": [268, 269, 271, 272, 274, 280, 283, 284, 286], "summary": {"covered_lines": 9, "num_statements": 11, "percent_covered": 81.81818181818181, "percent_covered_display": "82", "missing_lines": 2, "excluded_lines": 0, "percent_statements_covered": 81.81818181818181, "percent_statements_covered_display": "82"}, "missing_lines": [281, 285], "excluded_lines": [], "start_line": 266}, "SyntheticDataEvaluator._score_length_label_correlation": {"executed_lines": [295, 299, 301, 302, 304, 305, 306, 307], "summary": {"covered_lines": 8, "num_statements": 9, "percent_covered": 88.88888888888889, "percent_covered_display": "89", "missing_lines": 1, "excluded_lines": 0, "percent_statements_covered": 88.88888888888889, "percent_statements_covered_display": "89"}, "missing_lines": [309], "excluded_lines": [], "start_line": 288}, "SyntheticDataEvaluator._score_vocabulary_label_bias": {"executed_lines": [318, 319, 320, 322, 323, 324, 325, 327, 329, 330, 332, 333, 334], "summary": {"covered_lines": 13, "num_statements": 14, "percent_covered": 92.85714285714286, "percent_covered_display": "93", "missing_lines": 1, "excluded_lines": 0, "percent_statements_covered": 92.85714285714286, "percent_statements_covered_display": "93"}, "missing_lines": [331], "excluded_lines": [], "start_line": 311}, "SyntheticDataEvaluator._evaluate_linguistic_quality": {"executed_lines": [341, 347], "summary": {"covered_lines": 2, "num_statements": 2, "percent_covered": 100.0, "percent_covered_display": "100", "missing_lines": 0, "excluded_lines": 0, "percent_statements_covered": 100.0, "percent_statements_covered_display": "100"}, "missing_lines": [], "excluded_lines": [], "start_line": 340}, "SyntheticDataEvaluator._count_syllables": {"executed_lines": [359, 360, 361, 362, 363, 364, 365, 366, 367, 368, 369, 370], "summary": {"covered_lines": 12, "num_statements": 12, "percent_covered": 100.0, "percent_covered_display": "100", "missing_lines": 0, "excluded_lines": 0, "percent_statements_covered": 100.0, "percent_statements_covered_display": "100"}, "missing_lines": [], "excluded_lines": [], "start_line": 352}, "SyntheticDataEvaluator._score_readability": {"executed_lines": [380, 381, 382, 384, 385, 386, 387, 389, 392, 393, 394, 396, 397, 398, 399, 400, 402, 405], "summary": {"covered_lines": 18, "num_statements": 19, "percent_covered": 94.73684210526316, "percent_covered_display": "95", "missing_lines": 1, "excluded_lines": 0, "percent_statements_covered": 94.73684210526316, "percent_statements_covered_display": "95"}, "missing_lines": [390], "excluded_lines": [], "start_line": 372}, "SyntheticDataEvaluator._score_coherence": {"executed_lines": [414, 415, 416, 417, 418, 419, 421, 422, 424, 427, 429, 430, 431, 432, 433, 434, 435, 437, 440], "summary": {"covered_lines": 19, "num_statements": 21, "percent_covered": 90.47619047619048, "percent_covered_display": "90", "missing_lines": 2, "excluded_lines": 0, "percent_statements_covered": 90.47619047619048, "percent_statements_covered_display": "90"}, "missing_lines": [420, 425], "excluded_lines": [], "start_line": 407}, "SyntheticDataEvaluator._score_naturalness": {"executed_lines": [449, 450, 451, 452, 454, 457, 458, 459], "summary": {"covered_lines": 8, "num_statements": 9, "percent_covered": 88.88888888888889, "percent_covered_display": "89", "missing_lines": 1, "excluded_lines": 0, "percent_statements_covered": 88.88888888888889, "percent_statements_covered_display": "89"}, "missing_lines": [455], "excluded_lines": [], "start_line": 442}, "SyntheticDataEvaluator._score_repetition": {"executed_lines": [468, 469, 470, 471, 473, 476, 477, 478], "summary": {"covered_lines": 8, "num_statements": 9, "percent_covered": 88.88888888888889, "percent_covered_display": "89", "missing_lines": 1, "excluded_lines": 0, "percent_statements_covered": 88.88888888888889, "percent_statements_covered_display": "89"}, "missing_lines": [474], "excluded_lines": [], "start_line": 461}, "SyntheticDataEvaluator._save_report": {"executed_lines": [486, 488, 489, 491, 492, 507, 508, 509, 510, 511, 512], "summary": {"covered_lines": 11, "num_statements": 11, "percent_covered": 100.0, "percent_covered_display": "100", "missing_lines": 0, "excluded_lines": 0, "percent_statements_covered": 100.0, "percent_statements_covered_display": "100"}, "missing_lines": [], "excluded_lines": [], "start_line": 484}, "SyntheticDataEvaluator._print_rich_table": {"executed_lines": [516, 517, 518, 519, 520, 521, 523, 524, 525, 526, 527, 533, 535, 536], "summary": {"covered_lines": 14, "num_statements": 14, "percent_covered": 100.0, "percent_covered_display": "100", "missing_lines": 0, "excluded_lines": 0, "percent_statements_covered": 100.0, "percent_statements_covered_display": "100"}, "missing_lines": [], "excluded_lines": [], "start_line": 514}, "": {"executed_lines": [1, 3, 4, 5, 6, 7, 9, 10, 11, 13, 15, 18, 27, 34, 78, 90, 99, 108, 124, 141, 153, 171, 188, 202, 225, 237, 266, 288, 311, 340, 352, 372, 407, 442, 461, 484, 514], "summary": {"covered_lines": 37, "num_statements": 37, "percent_covered": 100.0, "percent_covered_display": "100", "missing_lines": 0, "excluded_lines": 0, "percent_statements_covered": 100.0, "percent_statements_covered_display": "100"}, "missing_lines": [], "excluded_lines": [], "start_line": 1}}, "classes": {"SyntheticDataEvaluator": {"executed_lines": [28, 29, 30, 31, 32, 36, 37, 38, 39, 41, 58, 70, 71, 72, 79, 85, 92, 97, 105, 106, 115, 116, 117, 118, 119, 120, 121, 122, 127, 128, 129, 135, 142, 148, 160, 165, 166, 167, 168, 169, 178, 179, 180, 181, 182, 184, 185, 186, 195, 196, 197, 198, 199, 200, 209, 210, 211, 212, 213, 214, 216, 219, 226, 232, 244, 245, 247, 248, 251, 258, 261, 262, 263, 264, 268, 269, 271, 272, 274, 280, 283, 284, 286, 295, 299, 301, 302, 304, 305, 306, 307, 318, 319, 320, 322, 323, 324, 325, 327, 329, 330, 332, 333, 334, 341, 347, 359, 360, 361, 362, 363, 364, 365, 366, 367, 368, 369, 370, 380, 381, 382, 384, 385, 386, 387, 389, 392, 393, 394, 396, 397, 398, 399, 400, 402, 405, 414, 415, 416, 417, 418, 419, 421, 422, 424, 427, 429, 430, 431, 432, 433, 434, 435, 437, 440, 449, 450, 451, 452, 454, 457, 458, 459, 468, 469, 470, 471, 473, 476, 477, 478, 486, 488, 489, 491, 492, 507, 508, 509, 510, 511, 512, 516, 517, 518, 519, 520, 521, 523, 524, 525, 526, 527, 533, 535, 536], "summary": {"covered_lines": 196, "num_statements": 206, "percent_covered": 95.14563106796116, "percent_covered_display": "95", "missing_lines": 10, "excluded_lines": 0, "percent_statements_covered": 95.14563106796116, "percent_statements_covered_display": "95"}, "missing_lines": [259, 281, 285, 309, 331, 390, 420, 425, 455, 474], "excluded_lines": [], "start_line": 18}, "": {"executed_lines": [1, 3, 4, 5, 6, 7, 9, 10, 11, 13, 15, 18, 27, 34, 78, 90, 99, 108, 124, 141, 153, 171, 188, 202, 225, 237, 266, 288, 311, 340, 352, 372, 407, 442, 461, 484, 514], "summary": {"covered_lines": 37, "num_statements": 37, "percent_covered": 100.0, "percent_covered_display": "100", "missing_lines": 0, "excluded_lines": 0, "percent_statements_covered": 100.0, "percent_statements_covered_display": "100"}, "missing_lines": [], "excluded_lines": [], "start_line": 1}}}, "src/data_loader.py": {"executed_lines": [1, 3, 4, 6, 9, 18, 19, 20, 21, 22, 23, 24, 25, 26, 27, 28, 29, 32, 38, 39, 42, 50, 51, 52, 53, 56, 62, 65, 71], "summary": {"covered_lines": 29, "num_statements": 29, "percent_covered": 100.0, "percent_covered_display": "100", "missing_lines": 0, "excluded_lines": 0, "percent_statements_covered": 100.0, "percent_statements_covered_display": "100"}, "missing_lines": [], "excluded_lines": [], "functions": {"load_pairs": {"executed_lines": [18, 19, 20, 21, 22, 23, 24, 25, 26, 27, 28, 29], "summary": {"covered_lines": 12, "num_statements": 12, "percent_covered": 100.0, "percent_covered_display": "100", "missing_lines": 0, "excluded_lines": 0, "percent_statements_covered": 100.0, "percent_statements_covered_display": "100"}, "missing_lines": [], "excluded_lines": [], "start_line": 9}, "load_metadata": {"executed_lines": [38, 39], "summary": {"covered_lines": 2, "num_statements": 2, "percent_covered": 100.0, "percent_covered_display": "100", "missing_lines": 0, "excluded_lines": 0, "percent_statements_covered": 100.0, "percent_statements_covered_display": "100"}, "missing_lines": [], "excluded_lines": [], "start_line": 32}, "pairs_to_texts": {"executed_lines": [50, 51, 52, 53], "summary": {"covered_lines": 4, "num_statements": 4, "percent_covered": 100.0, "percent_covered_display": "100", "missing_lines": 0, "excluded_lines": 0, "percent_statements_covered": 100.0, "percent_statements_covered_display": "100"}, "missing_lines": [], "excluded_lines": [], "start_line": 42}, "get_categories": {"executed_lines": [62], "summary": {"covered_lines": 1, "num_statements": 1, "percent_covered": 100.0, "percent_covered_display": "100", "missing_lines": 0, "excluded_lines": 0, "percent_statements_covered": 100.0, "percent_statements_covered_display": "100"}, "missing_lines": [], "excluded_lines": [], "start_line": 56}, "get_pair_types": {"executed_lines": [71], "summary": {"covered_lines": 1, "num_statements": 1, "percent_covered": 100.0, "percent_covered_display": "100", "missing_lines": 0, "excluded_lines": 0, "percent_statements_covered": 100.0, "percent_statements_covered_display": "100"}, "missing_lines": [], "excluded_lines": [], "start_line": 65}, "": {"executed_lines": [1, 3, 4, 6, 9, 32, 42, 56, 65], "summary": {"covered_lines": 9, "num_statements": 9, "percent_covered": 100.0, "percent_covered_display": "100", "missing_lines": 0, "excluded_lines": 0, "percent_statements_covered": 100.0, "percent_statements_covered_display": "100"}, "missing_lines": [], "excluded_lines": [], "start_line": 1}}, "classes": {"": {"executed_lines": [1, 3, 4, 6, 9, 18, 19, 20, 21, 22, 23, 24, 25, 26, 27, 28, 29, 32, 38, 39, 42, 50, 51, 52, 53, 56, 62, 65, 71], "summary": {"covered_lines": 29, "num_statements": 29, "percent_covered": 100.0, "percent_covered_display": "100", "missing_lines": 0, "excluded_lines": 0, "percent_statements_covered": 100.0, "percent_statements_covered_display": "100"}, "missing_lines": [], "excluded_lines": [], "start_line": 1}}}, "src/lora_trainer.py": {"executed_lines": [8, 10, 11, 12, 13, 15, 18, 27, 28, 33, 38, 39, 40, 44, 47, 55, 70, 71, 72, 73, 74, 75, 76, 77, 78, 79, 80, 82, 84, 100, 104, 114, 115, 118, 121, 122, 124, 126, 132, 133, 134, 136, 141, 146, 152, 156, 158, 168, 170, 172, 175, 177, 179, 181, 184, 197, 199, 200, 202, 223, 226, 227, 228, 229, 231, 233, 238, 240, 241, 243, 245, 246, 247, 248, 250, 251, 252, 254], "summary": {"covered_lines": 78, "num_statements": 78, "percent_covered": 100.0, "percent_covered_display": "100", "missing_lines": 0, "excluded_lines": 0, "percent_statements_covered": 100.0, "percent_statements_covered_display": "100"}, "missing_lines": [], "excluded_lines": [], "functions": {"LoRATrainer.__init__": {"executed_lines": [70, 71, 72, 73, 74, 75, 76, 77, 78, 79, 80, 82], "summary": {"covered_lines": 12, "num_statements": 12, "percent_covered": 100.0, "percent_covered_display": "100", "missing_lines": 0, "excluded_lines": 0, "percent_statements_covered": 100.0, "percent_statements_covered_display": "100"}, "missing_lines": [], "excluded_lines": [], "start_line": 55}, "LoRATrainer._apply_lora": {"executed_lines": [100, 104, 114, 115, 118, 121, 122, 124], "summary": {"covered_lines": 8, "num_statements": 8, "percent_covered": 100.0, "percent_covered_display": "100", "missing_lines": 0, "excluded_lines": 0, "percent_statements_covered": 100.0, "percent_statements_covered_display": "100"}, "missing_lines": [], "excluded_lines": [], "start_line": 84}, "LoRATrainer.prepare_data": {"executed_lines": [132, 133, 134, 136, 141, 146, 152, 156], "summary": {"covered_lines": 8, "num_statements": 8, "percent_covered": 100.0, "percent_covered_display": "100", "missing_lines": 0, "excluded_lines": 0, "percent_statements_covered": 100.0, "percent_statements_covered_display": "100"}, "missing_lines": [], "excluded_lines": [], "start_line": 126}, "LoRATrainer.train": {"executed_lines": [168, 170, 172, 175, 177, 179, 181, 184, 197, 199, 200, 202, 223, 226, 227, 228, 229, 231], "summary": {"covered_lines": 18, "num_statements": 18, "percent_covered": 100.0, "percent_covered_display": "100", "missing_lines": 0, "excluded_lines": 0, "percent_statements_covered": 100.0, "percent_statements_covered_display": "100"}, "missing_lines": [], "excluded_lines": [], "start_line": 158}, "LoRATrainer._parse_evaluator_csv": {"executed_lines": [238, 240, 241, 243, 245, 246, 247, 248, 250, 251, 252, 254], "summary": {"covered_lines": 12, "num_statements": 12, "percent_covered": 100.0, "percent_covered_display": "100", "missing_lines": 0, "excluded_lines": 0, "percent_statements_covered": 100.0, "percent_statements_covered_display": "100"}, "missing_lines": [], "excluded_lines": [], "start_line": 233}, "": {"executed_lines": [8, 10, 11, 12, 13, 15, 18, 27, 28, 33, 38, 39, 40, 44, 47, 55, 84, 126, 158, 233], "summary": {"covered_lines": 20, "num_statements": 20, "percent_covered": 100.0, "percent_covered_display": "100", "missing_lines": 0, "excluded_lines": 0, "percent_statements_covered": 100.0, "percent_statements_covered_display": "100"}, "missing_lines": [], "excluded_lines": [], "start_line": 1}}, "classes": {"LoRATrainer": {"executed_lines": [70, 71, 72, 73, 74, 75, 76, 77, 78, 79, 80, 82, 100, 104, 114, 115, 118, 121, 122, 124, 132, 133, 134, 136, 141, 146, 152, 156, 168, 170, 172, 175, 177, 179, 181, 184, 197, 199, 200, 202, 223, 226, 227, 228, 229, 231, 238, 240, 241, 243, 245, 246, 247, 248, 250, 251, 252, 254], "summary": {"covered_lines": 58, "num_statements": 58, "percent_covered": 100.0, "percent_covered_display": "100", "missing_lines": 0, "excluded_lines": 0, "percent_statements_covered": 100.0, "percent_statements_covered_display": "100"}, "missing_lines": [], "excluded_lines": [], "start_line": 47}, "": {"executed_lines": [8, 10, 11, 12, 13, 15, 18, 27, 28, 33, 38, 39, 40, 44, 47, 55, 84, 126, 158, 233], "summary": {"covered_lines": 20, "num_statements": 20, "percent_covered": 100.0, "percent_covered_display": "100", "missing_lines": 0, "excluded_lines": 0, "percent_statements_covered": 100.0, "percent_statements_covered_display": "100"}, "missing_lines": [], "excluded_lines": [], "start_line": 1}}}, "src/metrics.py": {"executed_lines": [1, 3, 5, 6, 7, 16, 19, 30, 31, 33, 36, 48, 49, 50, 51, 52, 53, 56, 67, 68, 69, 70, 71, 72, 73, 76, 87, 88, 91, 102, 103, 106, 118, 119, 121, 122, 123, 124, 125, 126, 127, 128, 130, 131, 132, 133, 135, 138, 155, 156, 158, 159, 160, 161, 164, 175, 176, 177, 179, 180, 181, 182, 184, 185, 187, 188, 189, 192, 194, 203], "summary": {"covered_lines": 70, "num_statements": 70, "percent_covered": 100.0, "percent_covered_display": "100", "missing_lines": 0, "excluded_lines": 0, "percent_statements_covered": 100.0, "percent_statements_covered_display": "100"}, "missing_lines": [], "excluded_lines": [], "functions": {"compute_cosine_similarities": {"executed_lines": [30, 31, 33], "summary": {"covered_lines": 3, "num_statements": 3, "percent_covered": 100.0, "percent_covered_display": "100", "missing_lines": 0, "excluded_lines": 0, "percent_statements_covered": 100.0, "percent_statements_covered_display": "100"}, "missing_lines": [], "excluded_lines": [], "start_line": 19}, "compute_margin": {"executed_lines": [48, 49, 50, 51, 52, 53], "summary": {"covered_lines": 6, "num_statements": 6, "percent_covered": 100.0, "percent_covered_display": "100", "missing_lines": 0, "excluded_lines": 0, "percent_statements_covered": 100.0, "percent_statements_covered_display": "100"}, "missing_lines": [], "excluded_lines": [], "start_line": 36}, "compute_cohens_d": {"executed_lines": [67, 68, 69, 70, 71, 72, 73], "summary": {"covered_lines": 7, "num_statements": 7, "percent_covered": 100.0, "percent_covered_display": "100", "missing_lines": 0, "excluded_lines": 0, "percent_statements_covered": 100.0, "percent_statements_covered_display": "100"}, "missing_lines": [], "excluded_lines": [], "start_line": 56}, "compute_welch_ttest": {"executed_lines": [87, 88], "summary": {"covered_lines": 2, "num_statements": 2, "percent_covered": 100.0, "percent_covered_display": "100", "missing_lines": 0, "excluded_lines": 0, "percent_statements_covered": 100.0, "percent_statements_covered_display": "100"}, "missing_lines": [], "excluded_lines": [], "start_line": 76}, "compute_spearman": {"executed_lines": [102, 103], "summary": {"covered_lines": 2, "num_statements": 2, "percent_covered": 100.0, "percent_covered_display": "100", "missing_lines": 0, "excluded_lines": 0, "percent_statements_covered": 100.0, "percent_statements_covered_display": "100"}, "missing_lines": [], "excluded_lines": [], "start_line": 91}, "compute_roc_metrics": {"executed_lines": [118, 119, 121, 122, 123, 124, 125, 126, 127, 128, 130, 131, 132, 133, 135], "summary": {"covered_lines": 15, "num_statements": 15, "percent_covered": 100.0, "percent_covered_display": "100", "missing_lines": 0, "excluded_lines": 0, "percent_statements_covered": 100.0, "percent_statements_covered_display": "100"}, "missing_lines": [], "excluded_lines": [], "start_line": 106}, "compute_false_positive_analysis": {"executed_lines": [155, 156, 158, 159, 160, 161], "summary": {"covered_lines": 6, "num_statements": 6, "percent_covered": 100.0, "percent_covered_display": "100", "missing_lines": 0, "excluded_lines": 0, "percent_statements_covered": 100.0, "percent_statements_covered_display": "100"}, "missing_lines": [], "excluded_lines": [], "start_line": 138}, "compute_category_metrics": {"executed_lines": [175, 176, 177, 179, 180, 181, 182, 184, 185, 187, 188, 189, 192, 194, 203], "summary": {"covered_lines": 15, "num_statements": 15, "percent_covered": 100.0, "percent_covered_display": "100", "missing_lines": 0, "excluded_lines": 0, "percent_statements_covered": 100.0, "percent_statements_covered_display": "100"}, "missing_lines": [], "excluded_lines": [], "start_line": 164}, "": {"executed_lines": [1, 3, 5, 6, 7, 16, 19, 36, 56, 76, 91, 106, 138, 164], "summary": {"covered_lines": 14, "num_statements": 14, "percent_covered": 100.0, "percent_covered_display": "100", "missing_lines": 0, "excluded_lines": 0, "percent_statements_covered": 100.0, "percent_statements_covered_display": "100"}, "missing_lines": [], "excluded_lines": [], "start_line": 1}}, "classes": {"": {"executed_lines": [1, 3, 5, 6, 7, 16, 19, 30, 31, 33, 36, 48, 49, 50, 51, 52, 53, 56, 67, 68, 69, 70, 71, 72, 73, 76, 87, 88, 91, 102, 103, 106, 118, 119, 121, 122, 123, 124, 125, 126, 127, 128, 130, 131, 132, 133, 135, 138, 155, 156, 158, 159, 160, 161, 164, 175, 176, 177, 179, 180, 181, 182, 184, 185, 187, 188, 189, 192, 194, 203], "summary": {"covered_lines": 70, "num_statements": 70, "percent_covered": 100.0, "percent_covered_display": "100", "missing_lines": 0, "excluded_lines": 0, "percent_statements_covered": 100.0, "percent_statements_covered_display": "100"}, "missing_lines": [], "excluded_lines": [], "start_line": 1}}}, "src/models.py": {"executed_lines": [1, 3, 4, 5, 7, 8, 11, 12, 13, 16, 17, 18, 19, 20, 21, 22, 24, 25, 26, 28, 29, 30, 31, 32, 33, 36, 37, 38, 39, 40, 41, 44, 48, 49, 52, 53, 55, 56, 57, 60, 61, 62, 63, 64, 65, 67, 70, 71, 72, 73, 74, 75, 76, 77, 78, 79, 80, 81, 82, 83, 84, 85, 86, 88, 89, 90, 93, 94, 95, 97, 98, 99, 100, 101, 104, 108, 109, 110, 111, 112, 113, 114, 115, 117, 118, 119, 120, 123, 124, 125, 126, 129, 130, 138, 139, 140, 141, 142, 143, 144], "summary": {"covered_lines": 100, "num_statements": 100, "percent_covered": 100.0, "percent_covered_display": "100", "missing_lines": 0, "excluded_lines": 0, "percent_statements_covered": 100.0, "percent_statements_covered_display": "100"}, "missing_lines": [], "excluded_lines": [], "functions": {"DatingPair.validate_gender_prefix": {"executed_lines": [28, 29, 30, 31, 32, 33], "summary": {"covered_lines": 6, "num_statements": 6, "percent_covered": 100.0, "percent_covered_display": "100", "missing_lines": 0, "excluded_lines": 0, "percent_statements_covered": 100.0, "percent_statements_covered_display": "100"}, "missing_lines": [], "excluded_lines": [], "start_line": 26}, "": {"executed_lines": [1, 3, 4, 5, 7, 8, 11, 12, 13, 16, 17, 18, 19, 20, 21, 22, 24, 25, 26, 36, 37, 38, 39, 40, 41, 44, 48, 49, 52, 53, 55, 56, 57, 60, 61, 62, 63, 64, 65, 67, 70, 71, 72, 73, 74, 75, 76, 77, 78, 79, 80, 81, 82, 83, 84, 85, 86, 88, 89, 90, 93, 94, 95, 97, 98, 99, 100, 101, 104, 108, 109, 110, 111, 112, 113, 114, 115, 117, 118, 119, 120, 123, 124, 125, 126, 129, 130, 138, 139, 140, 141, 142, 143, 144], "summary": {"covered_lines": 94, "num_statements": 94, "percent_covered": 100.0, "percent_covered_display": "100", "missing_lines": 0, "excluded_lines": 0, "percent_statements_covered": 100.0, "percent_statements_covered_display": "100"}, "missing_lines": [], "excluded_lines": [], "start_line": 1}}, "classes": {"CompatibilityLabel": {"executed_lines": [], "summary": {"covered_lines": 0, "num_statements": 0, "percent_covered": 100.0, "percent_covered_display": "100", "missing_lines": 0, "excluded_lines": 0, "percent_statements_covered": 100.0, "percent_statements_covered_display": "100"}, "missing_lines": [], "excluded_lines": [], "start_line": 11}, "DatingPair": {"executed_lines": [28, 29, 30, 31, 32, 33], "summary": {"covered_lines": 6, "num_statements": 6, "percent_covered": 100.0, "percent_covered_display": "100", "missing_lines": 0, "excluded_lines": 0, "percent_statements_covered": 100.0, "percent_statements_covered_display": "100"}, "missing_lines": [], "excluded_lines": [], "start_line": 16}, "DataQualityScore": {"executed_lines": [], "summary": {"covered_lines": 0, "num_statements": 0, "percent_covered": 100.0, "percent_covered_display": "100", "missing_lines": 0, "excluded_lines": 0, "percent_statements_covered": 100.0, "percent_statements_covered_display": "100"}, "missing_lines": [], "excluded_lines": [], "start_line": 36}, "DimensionDetail": {"executed_lines": [], "summary": {"covered_lines": 0, "num_statements": 0, "percent_covered": 100.0, "percent_covered_display": "100", "missing_lines": 0, "excluded_lines": 0, "percent_statements_covered": 100.0, "percent_statements_covered_display": "100"}, "missing_lines": [], "excluded_lines": [], "start_line": 44}, "DataQualityReport": {"executed_lines": [], "summary": {"covered_lines": 0, "num_statements": 0, "percent_covered": 100.0, "percent_covered_display": "100", "missing_lines": 0, "excluded_lines": 0, "percent_statements_covered": 100.0, "percent_statements_covered_display": "100"}, "missing_lines": [], "excluded_lines": [], "start_line": 52}, "CategoryMetrics": {"executed_lines": [], "summary": {"covered_lines": 0, "num_statements": 0, "percent_covered": 100.0, "percent_covered_display": "100", "missing_lines": 0, "excluded_lines": 0, "percent_statements_covered": 100.0, "percent_statements_covered_display": "100"}, "missing_lines": [], "excluded_lines": [], "start_line": 60}, "BaselineMetrics": {"executed_lines": [], "summary": {"covered_lines": 0, "num_statements": 0, "percent_covered": 100.0, "percent_covered_display": "100", "missing_lines": 0, "excluded_lines": 0, "percent_statements_covered": 100.0, "percent_statements_covered_display": "100"}, "missing_lines": [], "excluded_lines": [], "start_line": 70}, "ComparisonResult": {"executed_lines": [], "summary": {"covered_lines": 0, "num_statements": 0, "percent_covered": 100.0, "percent_covered_display": "100", "missing_lines": 0, "excluded_lines": 0, "percent_statements_covered": 100.0, "percent_statements_covered_display": "100"}, "missing_lines": [], "excluded_lines": [], "start_line": 93}, "TrainingResult": {"executed_lines": [], "summary": {"covered_lines": 0, "num_statements": 0, "percent_covered": 100.0, "percent_covered_display": "100", "missing_lines": 0, "excluded_lines": 0, "percent_statements_covered": 100.0, "percent_statements_covered_display": "100"}, "missing_lines": [], "excluded_lines": [], "start_line": 104}, "EvaluationBundle": {"executed_lines": [], "summary": {"covered_lines": 0, "num_statements": 0, "percent_covered": 100.0, "percent_covered_display": "100", "missing_lines": 0, "excluded_lines": 0, "percent_statements_covered": 100.0, "percent_statements_covered_display": "100"}, "missing_lines": [], "excluded_lines": [], "start_line": 130}, "": {"executed_lines": [1, 3, 4, 5, 7, 8, 11, 12, 13, 16, 17, 18, 19, 20, 21, 22, 24, 25, 26, 36, 37, 38, 39, 40, 41, 44, 48, 49, 52, 53, 55, 56, 57, 60, 61, 62, 63, 64, 65, 67, 70, 71, 72, 73, 74, 75, 76, 77, 78, 79, 80, 81, 82, 83, 84, 85, 86, 88, 89, 90, 93, 94, 95, 97, 98, 99, 100, 101, 104, 108, 109, 110, 111, 112, 113, 114, 115, 117, 118, 119, 120, 123, 124, 125, 126, 129, 130, 138, 139, 140, 141, 142, 143, 144], "summary": {"covered_lines": 94, "num_statements": 94, "percent_covered": 100.0, "percent_covered_display": "100", "missing_lines": 0, "excluded_lines": 0, "percent_statements_covered": 100.0, "percent_statements_covered_display": "100"}, "missing_lines": [], "excluded_lines": [], "start_line": 1}}}, "src/post_training_eval.py": {"executed_lines": [1, 3, 4, 6, 9, 16, 19, 29, 31, 32, 35, 50, 51, 52, 53, 54, 55, 58, 64, 65, 66, 67, 71, 91, 96, 98, 100, 102, 103, 104, 105, 107, 109, 110, 114, 115, 116, 119, 120, 123, 124, 125, 126, 127, 130, 131, 132, 135, 136, 139, 158, 159, 162, 163, 164, 167, 168, 171, 172, 175, 176, 177, 178, 181, 182, 185, 186, 189, 190, 196, 197, 205, 206, 207, 210, 211, 214, 215, 222, 247, 258, 275, 276, 277, 278, 281, 282, 283, 284, 293, 296, 297, 298, 299, 302, 303, 304, 305, 314, 317, 318, 319, 322, 323, 324, 325, 330, 335, 340, 345, 350, 356], "summary": {"covered_lines": 112, "num_statements": 115, "percent_covered": 97.3913043478261, "percent_covered_display": "97", "missing_lines": 3, "excluded_lines": 2, "percent_statements_covered": 97.3913043478261, "percent_statements_covered_display": "97"}, "missing_lines": [68, 291, 312], "excluded_lines": [359, 360], "functions": {"resolve_baseline_path": {"executed_lines": [50, 51, 52, 53, 54, 55], "summary": {"covered_lines": 6, "num_statements": 6, "percent_covered": 100.0, "percent_covered_display": "100", "missing_lines": 0, "excluded_lines": 0, "percent_statements_covered": 100.0, "percent_statements_covered_display": "100"}, "missing_lines": [], "excluded_lines": [], "start_line": 35}, "resolve_baseline_embeddings_path": {"executed_lines": [64, 65, 66, 67], "summary": {"covered_lines": 4, "num_statements": 5, "percent_covered": 80.0, "percent_covered_display": "80", "missing_lines": 1, "excluded_lines": 0, "percent_statements_covered": 80.0, "percent_statements_covered_display": "80"}, "missing_lines": [68], "excluded_lines": [], "start_line": 58}, "generate_finetuned_embeddings": {"executed_lines": [91, 96, 98, 100, 102, 103, 104, 105, 107, 109, 110, 114, 115, 116, 119, 120, 123, 124, 125, 126, 127, 130, 131, 132, 135, 136], "summary": {"covered_lines": 26, "num_statements": 26, "percent_covered": 100.0, "percent_covered_display": "100", "missing_lines": 0, "excluded_lines": 0, "percent_statements_covered": 100.0, "percent_statements_covered_display": "100"}, "missing_lines": [], "excluded_lines": [], "start_line": 71}, "evaluate_from_embeddings": {"executed_lines": [158, 159, 162, 163, 164, 167, 168, 171, 172, 175, 176, 177, 178, 181, 182, 185, 186, 189, 190, 196, 197, 205, 206, 207, 210, 211, 214, 215, 222, 247], "summary": {"covered_lines": 30, "num_statements": 30, "percent_covered": 100.0, "percent_covered_display": "100", "missing_lines": 0, "excluded_lines": 0, "percent_statements_covered": 100.0, "percent_statements_covered_display": "100"}, "missing_lines": [], "excluded_lines": [], "start_line": 139}, "run_post_training_evaluation": {"executed_lines": [275, 276, 277, 278, 281, 282, 283, 284, 293, 296, 297, 298, 299, 302, 303, 304, 305, 314, 317, 318, 319, 322, 323, 324, 325, 330, 335, 340, 345, 350, 356], "summary": {"covered_lines": 31, "num_statements": 33, "percent_covered": 93.93939393939394, "percent_covered_display": "94", "missing_lines": 2, "excluded_lines": 0, "percent_statements_covered": 93.93939393939394, "percent_statements_covered_display": "94"}, "missing_lines": [291, 312], "excluded_lines": [], "start_line": 258}, "": {"executed_lines": [1, 3, 4, 6, 9, 16, 19, 29, 31, 32, 35, 58, 71, 139, 258], "summary": {"covered_lines": 15, "num_statements": 15, "percent_covered": 100.0, "percent_covered_display": "100", "missing_lines": 0, "excluded_lines": 2, "percent_statements_covered": 100.0, "percent_statements_covered_display": "100"}, "missing_lines": [], "excluded_lines": [359, 360], "start_line": 1}}, "classes": {"": {"executed_lines": [1, 3, 4, 6, 9, 16, 19, 29, 31, 32, 35, 50, 51, 52, 53, 54, 55, 58, 64, 65, 66, 67, 71, 91, 96, 98, 100, 102, 103, 104, 105, 107, 109, 110, 114, 115, 116, 119, 120, 123, 124, 125, 126, 127, 130, 131, 132, 135, 136, 139, 158, 159, 162, 163, 164, 167, 168, 171, 172, 175, 176, 177, 178, 181, 182, 185, 186, 189, 190, 196, 197, 205, 206, 207, 210, 211, 214, 215, 222, 247, 258, 275, 276, 277, 278, 281, 282, 283, 284, 293, 296, 297, 298, 299, 302, 303, 304, 305, 314, 317, 318, 319, 322, 323, 324, 325, 330, 335, 340, 345, 350, 356], "summary": {"covered_lines": 112, "num_statements": 115, "percent_covered": 97.3913043478261, "percent_covered_display": "97", "missing_lines": 3, "excluded_lines": 2, "percent_statements_covered": 97.3913043478261, "percent_statements_covered_display": "97"}, "missing_lines": [68, 291, 312], "excluded_lines": [359, 360], "start_line": 1}}}, "src/trainer.py": {"executed_lines": [7, 9, 10, 11, 12, 14, 17, 18, 19, 20, 21, 22, 23, 24, 27, 35, 46, 47, 48, 49, 50, 51, 52, 53, 55, 68, 69, 70, 73, 78, 84, 89, 93, 95, 111, 113, 116, 118, 122, 125, 128, 141, 144, 145, 148, 149, 151, 167, 170, 171, 172, 173, 175, 177, 187, 189, 190, 193, 195, 196, 197, 198, 200, 201, 202, 204], "summary": {"covered_lines": 66, "num_statements": 66, "percent_covered": 100.0, "percent_covered_display": "100", "missing_lines": 0, "excluded_lines": 0, "percent_statements_covered": 100.0, "percent_statements_covered_display": "100"}, "missing_lines": [], "excluded_lines": [], "functions": {"StandardTrainer.__init__": {"executed_lines": [46, 47, 48, 49, 50, 51, 52, 53], "summary": {"covered_lines": 8, "num_statements": 8, "percent_covered": 100.0, "percent_covered_display": "100", "missing_lines": 0, "excluded_lines": 0, "percent_statements_covered": 100.0, "percent_statements_covered_display": "100"}, "missing_lines": [], "excluded_lines": [], "start_line": 35}, "StandardTrainer.prepare_data": {"executed_lines": [68, 69, 70, 73, 78, 84, 89, 93], "summary": {"covered_lines": 8, "num_statements": 8, "percent_covered": 100.0, "percent_covered_display": "100", "missing_lines": 0, "excluded_lines": 0, "percent_statements_covered": 100.0, "percent_statements_covered_display": "100"}, "missing_lines": [], "excluded_lines": [], "start_line": 55}, "StandardTrainer.train": {"executed_lines": [111, 113, 116, 118, 122, 125, 128, 141, 144, 145, 148, 149, 151, 167, 170, 171, 172, 173, 175], "summary": {"covered_lines": 19, "num_statements": 19, "percent_covered": 100.0, "percent_covered_display": "100", "missing_lines": 0, "excluded_lines": 0, "percent_statements_covered": 100.0, "percent_statements_covered_display": "100"}, "missing_lines": [], "excluded_lines": [], "start_line": 95}, "StandardTrainer._parse_evaluator_csv": {"executed_lines": [187, 189, 190, 193, 195, 196, 197, 198, 200, 201, 202, 204], "summary": {"covered_lines": 12, "num_statements": 12, "percent_covered": 100.0, "percent_covered_display": "100", "missing_lines": 0, "excluded_lines": 0, "percent_statements_covered": 100.0, "percent_statements_covered_display": "100"}, "missing_lines": [], "excluded_lines": [], "start_line": 177}, "": {"executed_lines": [7, 9, 10, 11, 12, 14, 17, 18, 19, 20, 21, 22, 23, 24, 27, 35, 55, 95, 177], "summary": {"covered_lines": 19, "num_statements": 19, "percent_covered": 100.0, "percent_covered_display": "100", "missing_lines": 0, "excluded_lines": 0, "percent_statements_covered": 100.0, "percent_statements_covered_display": "100"}, "missing_lines": [], "excluded_lines": [], "start_line": 1}}, "classes": {"StandardTrainer": {"executed_lines": [46, 47, 48, 49, 50, 51, 52, 53, 68, 69, 70, 73, 78, 84, 89, 93, 111, 113, 116, 118, 122, 125, 128, 141, 144, 145, 148, 149, 151, 167, 170, 171, 172, 173, 175, 187, 189, 190, 193, 195, 196, 197, 198, 200, 201, 202, 204], "summary": {"covered_lines": 47, "num_statements": 47, "percent_covered": 100.0, "percent_covered_display": "100", "missing_lines": 0, "excluded_lines": 0, "percent_statements_covered": 100.0, "percent_statements_covered_display": "100"}, "missing_lines": [], "excluded_lines": [], "start_line": 27}, "": {"executed_lines": [7, 9, 10, 11, 12, 14, 17, 18, 19, 20, 21, 22, 23, 24, 27, 35, 55, 95, 177], "summary": {"covered_lines": 19, "num_statements": 19, "percent_covered": 100.0, "percent_covered_display": "100", "missing_lines": 0, "excluded_lines": 0, "percent_statements_covered": 100.0, "percent_statements_covered_display": "100"}, "missing_lines": [], "excluded_lines": [], "start_line": 1}}}, "src/visualizations.py": {"executed_lines": [1, 3, 4, 6, 9, 10, 11, 12, 13, 14, 16, 18, 20, 23, 34, 35, 36, 37, 39, 40, 44, 49, 50, 51, 53, 55, 58, 59, 60, 61, 62, 63, 64, 65, 68, 82, 83, 84, 85, 88, 89, 90, 93, 94, 96, 97, 100, 101, 109, 110, 111, 112, 115, 126, 127, 129, 131, 132, 133, 135, 136, 138, 139, 140, 141, 144, 147, 151, 152, 153, 154, 155, 156, 157, 158, 161, 167, 168, 169, 171, 172, 173, 174, 175, 176, 177, 178, 179, 180, 181, 182, 185, 195, 196, 197, 198, 201, 202, 204, 205, 206, 208, 209, 214, 215, 216, 217, 218, 219, 220, 223, 232, 233, 235, 236, 238, 239, 241, 242, 244, 246, 247, 248, 252, 253, 254, 256, 257, 258, 259, 262, 272, 273, 275, 276, 278, 279, 281, 282, 285, 286, 288, 291, 292, 293, 294, 295, 297, 298, 301, 302, 303, 305, 306, 314, 315, 316, 317, 318, 319, 324, 331, 332, 333, 340, 382, 383, 386], "summary": {"covered_lines": 168, "num_statements": 196, "percent_covered": 85.71428571428571, "percent_covered_display": "86", "missing_lines": 28, "excluded_lines": 0, "percent_statements_covered": 85.71428571428571, "percent_statements_covered_display": "86"}, "missing_lines": [277, 283, 320, 321, 323, 405, 406, 408, 411, 415, 419, 420, 421, 422, 426, 427, 428, 429, 432, 433, 434, 435, 436, 437, 438, 439, 440, 441], "excluded_lines": [], "functions": {"plot_cosine_distributions": {"executed_lines": [34, 35, 36, 37, 39, 40, 44, 49, 50, 51, 53, 55, 58, 59, 60, 61, 62, 63, 64, 65], "summary": {"covered_lines": 20, "num_statements": 20, "percent_covered": 100.0, "percent_covered_display": "100", "missing_lines": 0, "excluded_lines": 0, "percent_statements_covered": 100.0, "percent_statements_covered_display": "100"}, "missing_lines": [], "excluded_lines": [], "start_line": 23}, "plot_umap_scatter": {"executed_lines": [82, 83, 84, 85, 88, 89, 90, 93, 94, 96, 97, 100, 101, 109, 110, 111, 112], "summary": {"covered_lines": 17, "num_statements": 17, "percent_covered": 100.0, "percent_covered_display": "100", "missing_lines": 0, "excluded_lines": 0, "percent_statements_covered": 100.0, "percent_statements_covered_display": "100"}, "missing_lines": [], "excluded_lines": [], "start_line": 68}, "plot_hdbscan_clusters": {"executed_lines": [126, 127, 129, 131, 132, 133, 135, 136, 138, 139, 140, 141, 144, 147, 151, 152, 153, 154, 155, 156, 157, 158], "summary": {"covered_lines": 22, "num_statements": 22, "percent_covered": 100.0, "percent_covered_display": "100", "missing_lines": 0, "excluded_lines": 0, "percent_statements_covered": 100.0, "percent_statements_covered_display": "100"}, "missing_lines": [], "excluded_lines": [], "start_line": 115}, "plot_roc_curve": {"executed_lines": [167, 168, 169, 171, 172, 173, 174, 175, 176, 177, 178, 179, 180, 181, 182], "summary": {"covered_lines": 15, "num_statements": 15, "percent_covered": 100.0, "percent_covered_display": "100", "missing_lines": 0, "excluded_lines": 0, "percent_statements_covered": 100.0, "percent_statements_covered_display": "100"}, "missing_lines": [], "excluded_lines": [], "start_line": 161}, "plot_category_margins": {"executed_lines": [195, 196, 197, 198, 201, 202, 204, 205, 206, 208, 209, 214, 215, 216, 217, 218, 219, 220], "summary": {"covered_lines": 18, "num_statements": 18, "percent_covered": 100.0, "percent_covered_display": "100", "missing_lines": 0, "excluded_lines": 0, "percent_statements_covered": 100.0, "percent_statements_covered_display": "100"}, "missing_lines": [], "excluded_lines": [], "start_line": 185}, "plot_false_positive_breakdown": {"executed_lines": [232, 233, 235, 236, 238, 239, 241, 242, 244, 246, 247, 248, 252, 253, 254, 256, 257, 258, 259], "summary": {"covered_lines": 19, "num_statements": 19, "percent_covered": 100.0, "percent_covered_display": "100", "missing_lines": 0, "excluded_lines": 0, "percent_statements_covered": 100.0, "percent_statements_covered_display": "100"}, "missing_lines": [], "excluded_lines": [], "start_line": 223}, "generate_baseline_report_html": {"executed_lines": [272, 273, 275, 281, 288, 291, 292, 293, 294, 295, 297, 298, 301, 302, 303, 305, 306, 314, 315, 316, 317, 318, 319, 324, 331, 332, 333, 340, 382, 383], "summary": {"covered_lines": 30, "num_statements": 33, "percent_covered": 90.9090909090909, "percent_covered_display": "91", "missing_lines": 3, "excluded_lines": 0, "percent_statements_covered": 90.9090909090909, "percent_statements_covered_display": "91"}, "missing_lines": [320, 321, 323], "excluded_lines": [], "start_line": 262}, "generate_baseline_report_html._embed_png": {"executed_lines": [276, 278, 279], "summary": {"covered_lines": 3, "num_statements": 4, "percent_covered": 75.0, "percent_covered_display": "75", "missing_lines": 1, "excluded_lines": 0, "percent_statements_covered": 75.0, "percent_statements_covered_display": "75"}, "missing_lines": [277], "excluded_lines": [], "start_line": 275}, "generate_baseline_report_html._embed_html": {"executed_lines": [282, 285, 286], "summary": {"covered_lines": 3, "num_statements": 4, "percent_covered": 75.0, "percent_covered_display": "75", "missing_lines": 1, "excluded_lines": 0, "percent_statements_covered": 75.0, "percent_statements_covered_display": "75"}, "missing_lines": [283], "excluded_lines": [], "start_line": 281}, "plot_training_curves": {"executed_lines": [], "summary": {"covered_lines": 0, "num_statements": 23, "percent_covered": 0.0, "percent_covered_display": "0", "missing_lines": 23, "excluded_lines": 0, "percent_statements_covered": 0.0, "percent_statements_covered_display": "0"}, "missing_lines": [405, 406, 408, 411, 415, 419, 420, 421, 422, 426, 427, 428, 429, 432, 433, 434, 435, 436, 437, 438, 439, 440, 441], "excluded_lines": [], "start_line": 386}, "": {"executed_lines": [1, 3, 4, 6, 9, 10, 11, 12, 13, 14, 16, 18, 20, 23, 68, 115, 161, 185, 223, 262, 386], "summary": {"covered_lines": 21, "num_statements": 21, "percent_covered": 100.0, "percent_covered_display": "100", "missing_lines": 0, "excluded_lines": 0, "percent_statements_covered": 100.0, "percent_statements_covered_display": "100"}, "missing_lines": [], "excluded_lines": [], "start_line": 1}}, "classes": {"": {"executed_lines": [1, 3, 4, 6, 9, 10, 11, 12, 13, 14, 16, 18, 20, 23, 34, 35, 36, 37, 39, 40, 44, 49, 50, 51, 53, 55, 58, 59, 60, 61, 62, 63, 64, 65, 68, 82, 83, 84, 85, 88, 89, 90, 93, 94, 96, 97, 100, 101, 109, 110, 111, 112, 115, 126, 127, 129, 131, 132, 133, 135, 136, 138, 139, 140, 141, 144, 147, 151, 152, 153, 154, 155, 156, 157, 158, 161, 167, 168, 169, 171, 172, 173, 174, 175, 176, 177, 178, 179, 180, 181, 182, 185, 195, 196, 197, 198, 201, 202, 204, 205, 206, 208, 209, 214, 215, 216, 217, 218, 219, 220, 223, 232, 233, 235, 236, 238, 239, 241, 242, 244, 246, 247, 248, 252, 253, 254, 256, 257, 258, 259, 262, 272, 273, 275, 276, 278, 279, 281, 282, 285, 286, 288, 291, 292, 293, 294, 295, 297, 298, 301, 302, 303, 305, 306, 314, 315, 316, 317, 318, 319, 324, 331, 332, 333, 340, 382, 383, 386], "summary": {"covered_lines": 168, "num_statements": 196, "percent_covered": 85.71428571428571, "percent_covered_display": "86", "missing_lines": 28, "excluded_lines": 0, "percent_statements_covered": 85.71428571428571, "percent_statements_covered_display": "86"}, "missing_lines": [277, 283, 320, 321, 323, 405, 406, 408, 411, 415, 419, 420, 421, 422, 426, 427, 428, 429, 432, 433, 434, 435, 436, 437, 438, 439, 440, 441], "excluded_lines": [], "start_line": 1}}}}, "totals": {"covered_lines": 1305, "num_statements": 1449, "percent_covered": 90.06211180124224, "percent_covered_display": "90", "missing_lines": 144, "excluded_lines": 9, "percent_statements_covered": 90.06211180124224, "percent_statements_covered_display": "90"}}